L 12/17/2021 - 20:13:57: [sf2.smx] -------- Mapchange to slender_arizona_b1 -------
L 12/17/2021 - 20:13:57: [sf2.smx] Loading boss profiles from file addons\sourcemod\configs\sf2\profiles.cfg...
L 12/17/2021 - 20:13:58: [sf2.smx] slenderman...
L 12/17/2021 - 20:13:58: [sf2.smx] rake...
L 12/17/2021 - 20:13:58: [sf2.smx] weepingangel...
L 12/17/2021 - 20:13:58: [sf2.smx] hypersnatcher_nerfed...
L 12/17/2021 - 20:13:58: [sf2.smx] Sound file sound/slender/cof/sawhello.wav does not exist, excluding from downloads!
L 12/17/2021 - 20:13:58: [sf2.smx] Sound file sound/slender/cof/sawtheme.wav does not exist, excluding from downloads!
L 12/17/2021 - 20:13:58: [sf2.smx] Sound file sound/slender/cof/sawloop.wav does not exist, excluding from downloads!
L 12/17/2021 - 20:13:58: [sf2.smx] Sound file sound/slender/cof/sawmiss.mp3 does not exist, excluding from downloads!
L 12/17/2021 - 20:13:58: [sf2.smx] Sound file sound/slender/cof/sawalert1.mp3 does not exist, excluding from downloads!
L 12/17/2021 - 20:13:58: [sf2.smx] Sound file sound/slender/cof/sawalert2.mp3 does not exist, excluding from downloads!
L 12/17/2021 - 20:13:58: [sf2.smx] Sound file sound/slender/cof/sawalert3.mp3 does not exist, excluding from downloads!
L 12/17/2021 - 20:13:58: [sf2.smx] Sound file sound/slender/cof/sawhit.mp3 does not exist, excluding from downloads!
L 12/17/2021 - 20:13:58: [sf2.smx] Sound file sound/slender/cof/sawmiss.mp3 does not exist, excluding from downloads!
L 12/17/2021 - 20:13:58: [sf2.smx] sawrunner...
L 12/17/2021 - 20:13:59: [sf2.smx] simon...
L 12/17/2021 - 20:13:59: [sf2.smx] scp-173...
L 12/17/2021 - 20:13:59: [sf2.smx] cb_mtf...
L 12/17/2021 - 20:13:59: [sf2.smx] cb_scp049...
L 12/17/2021 - 20:13:59: [sf2.smx] Loaded 9 boss profile(s) from file!
L 12/17/2021 - 20:13:59: [sf2.smx] Loading boss profile files from directory configs/sf2/profiles...
L 12/17/2021 - 20:13:59: [sf2.smx] addons\sourcemod\configs\sf2\profiles does not exist, skipping.
L 12/17/2021 - 20:13:59: [sf2.smx] Reloaded restricted weapons configuration file successfully
L 12/17/2021 - 20:16:55: [sf2.smx] -------- Mapchange to slender_arizona_b1 -------
L 12/17/2021 - 20:16:55: [sf2.smx] Loading boss profiles from file addons\sourcemod\configs\sf2\profiles.cfg...
L 12/17/2021 - 20:16:55: [sf2.smx] slenderman...
L 12/17/2021 - 20:16:55: [sf2.smx] rake...
L 12/17/2021 - 20:16:55: [sf2.smx] weepingangel...
L 12/17/2021 - 20:16:55: [sf2.smx] hypersnatcher_nerfed...
L 12/17/2021 - 20:16:55: [sf2.smx] Sound file sound/slender/cof/sawhello.wav does not exist, excluding from downloads!
L 12/17/2021 - 20:16:55: [sf2.smx] Sound file sound/slender/cof/sawtheme.wav does not exist, excluding from downloads!
L 12/17/2021 - 20:16:55: [sf2.smx] Sound file sound/slender/cof/sawloop.wav does not exist, excluding from downloads!
L 12/17/2021 - 20:16:55: [sf2.smx] Sound file sound/slender/cof/sawmiss.mp3 does not exist, excluding from downloads!
L 12/17/2021 - 20:16:55: [sf2.smx] Sound file sound/slender/cof/sawalert1.mp3 does not exist, excluding from downloads!
L 12/17/2021 - 20:16:55: [sf2.smx] Sound file sound/slender/cof/sawalert2.mp3 does not exist, excluding from downloads!
L 12/17/2021 - 20:16:55: [sf2.smx] Sound file sound/slender/cof/sawalert3.mp3 does not exist, excluding from downloads!
L 12/17/2021 - 20:16:55: [sf2.smx] Sound file sound/slender/cof/sawhit.mp3 does not exist, excluding from downloads!
L 12/17/2021 - 20:16:55: [sf2.smx] Sound file sound/slender/cof/sawmiss.mp3 does not exist, excluding from downloads!
L 12/17/2021 - 20:16:55: [sf2.smx] sawrunner...
L 12/17/2021 - 20:16:55: [sf2.smx] simon...
L 12/17/2021 - 20:16:55: [sf2.smx] scp-173...
L 12/17/2021 - 20:16:55: [sf2.smx] cb_mtf...
L 12/17/2021 - 20:16:55: [sf2.smx] cb_scp049...
L 12/17/2021 - 20:16:55: [sf2.smx] Loaded 9 boss profile(s) from file!
L 12/17/2021 - 20:16:56: [sf2.smx] Loading boss profile files from directory configs/sf2/profiles...
L 12/17/2021 - 20:16:56: [sf2.smx] addons\sourcemod\configs\sf2\profiles does not exist, skipping.
L 12/17/2021 - 20:16:56: [sf2.smx] Reloaded restricted weapons configuration file successfully
L 12/17/2021 - 20:19:14: [sf2.smx] -------- Mapchange to slender_arizona_b1 -------
L 12/17/2021 - 20:19:14: [sf2.smx] Loading boss profiles from file addons\sourcemod\configs\sf2\profiles.cfg...
L 12/17/2021 - 20:19:15: [sf2.smx] slenderman...
L 12/17/2021 - 20:19:15: [sf2.smx] rake...
L 12/17/2021 - 20:19:15: [sf2.smx] weepingangel...
L 12/17/2021 - 20:19:15: [sf2.smx] hypersnatcher_nerfed...
L 12/17/2021 - 20:19:15: [sf2.smx] Sound file sound/slender/cof/sawhello.wav does not exist, excluding from downloads!
L 12/17/2021 - 20:19:15: [sf2.smx] Sound file sound/slender/cof/sawtheme.wav does not exist, excluding from downloads!
L 12/17/2021 - 20:19:15: [sf2.smx] Sound file sound/slender/cof/sawloop.wav does not exist, excluding from downloads!
L 12/17/2021 - 20:19:15: [sf2.smx] Sound file sound/slender/cof/sawmiss.mp3 does not exist, excluding from downloads!
L 12/17/2021 - 20:19:15: [sf2.smx] Sound file sound/slender/cof/sawalert1.mp3 does not exist, excluding from downloads!
L 12/17/2021 - 20:19:15: [sf2.smx] Sound file sound/slender/cof/sawalert2.mp3 does not exist, excluding from downloads!
L 12/17/2021 - 20:19:15: [sf2.smx] Sound file sound/slender/cof/sawalert3.mp3 does not exist, excluding from downloads!
L 12/17/2021 - 20:19:15: [sf2.smx] Sound file sound/slender/cof/sawhit.mp3 does not exist, excluding from downloads!
L 12/17/2021 - 20:19:15: [sf2.smx] Sound file sound/slender/cof/sawmiss.mp3 does not exist, excluding from downloads!
L 12/17/2021 - 20:19:15: [sf2.smx] sawrunner...
L 12/17/2021 - 20:19:15: [sf2.smx] simon...
L 12/17/2021 - 20:19:15: [sf2.smx] scp-173...
L 12/17/2021 - 20:19:15: [sf2.smx] cb_mtf...
L 12/17/2021 - 20:19:15: [sf2.smx] cb_scp049...
L 12/17/2021 - 20:19:15: [sf2.smx] Loaded 9 boss profile(s) from file!
L 12/17/2021 - 20:19:15: [sf2.smx] Loading boss profile files from directory configs/sf2/profiles...
L 12/17/2021 - 20:19:15: [sf2.smx] addons\sourcemod\configs\sf2\profiles does not exist, skipping.
L 12/17/2021 - 20:19:15: [sf2.smx] Reloaded restricted weapons configuration file successfully
L 12/17/2021 - 20:23:40: [sf2.smx] Found sf2_maxplayers entity, set maxplayers to 8
L 12/17/2021 - 20:23:40: [sf2.smx] Found sf2_time_limit entity, set time limit to 180
L 12/17/2021 - 20:23:40: [sf2.smx] Found sf2_time_gain_from_page entity, set time gain to 30
L 12/17/2021 - 20:23:40: [sf2.smx] Found sf2_escape_time_limit entity, set escape time limit to 120
L 12/17/2021 - 20:23:40: [sf2.smx] ROUND SETTINGS:
 - Time limit: 180
 - Time gain from page: 30
 - Page collect sound: slender/gas_can.wav
 - Escape?: 1
 - Escape time limit: 120
 - Stop page music on escape: 0
 - Survive before escape?: 0
 - Survive until time: 30
 - Infinite flashlight: 0
 - Infinite sprint: 0
 - Infinite blink: 0
 - Bosses chase endlessly: 0
 - Intro music: slender/intro.mp3
 - Intro fade hold time: 9.000000
 - Intro fade time: 1.000000
L 12/17/2021 - 20:23:40: [sf2.smx] Loaded page music ranges successfully!
L 12/17/2021 - 20:23:49: [sf2.smx] Boss profile slenderman has been added to the game.
L 12/17/2021 - 22:37:54: [sf2.smx] -------- Mapchange to slender_mansion_b3b -------
L 12/17/2021 - 22:37:54: [sf2.smx] Loading boss profiles from file addons\sourcemod\configs\sf2\profiles.cfg...
L 12/17/2021 - 22:37:55: [sf2.smx] slenderman...
L 12/17/2021 - 22:37:55: [sf2.smx] rake...
L 12/17/2021 - 22:37:55: [sf2.smx] weepingangel...
L 12/17/2021 - 22:37:55: [sf2.smx] hypersnatcher_nerfed...
L 12/17/2021 - 22:37:55: [sf2.smx] Sound file sound/slender/cof/sawhello.wav does not exist, excluding from downloads!
L 12/17/2021 - 22:37:55: [sf2.smx] Sound file sound/slender/cof/sawtheme.wav does not exist, excluding from downloads!
L 12/17/2021 - 22:37:55: [sf2.smx] Sound file sound/slender/cof/sawloop.wav does not exist, excluding from downloads!
L 12/17/2021 - 22:37:55: [sf2.smx] Sound file sound/slender/cof/sawmiss.mp3 does not exist, excluding from downloads!
L 12/17/2021 - 22:37:55: [sf2.smx] Sound file sound/slender/cof/sawalert1.mp3 does not exist, excluding from downloads!
L 12/17/2021 - 22:37:55: [sf2.smx] Sound file sound/slender/cof/sawalert2.mp3 does not exist, excluding from downloads!
L 12/17/2021 - 22:37:55: [sf2.smx] Sound file sound/slender/cof/sawalert3.mp3 does not exist, excluding from downloads!
L 12/17/2021 - 22:37:55: [sf2.smx] Sound file sound/slender/cof/sawhit.mp3 does not exist, excluding from downloads!
L 12/17/2021 - 22:37:55: [sf2.smx] Sound file sound/slender/cof/sawmiss.mp3 does not exist, excluding from downloads!
L 12/17/2021 - 22:37:55: [sf2.smx] sawrunner...
L 12/17/2021 - 22:37:55: [sf2.smx] simon...
L 12/17/2021 - 22:37:55: [sf2.smx] scp-173...
L 12/17/2021 - 22:37:55: [sf2.smx] cb_mtf...
L 12/17/2021 - 22:37:55: [sf2.smx] cb_scp049...
L 12/17/2021 - 22:37:55: [sf2.smx] Loaded 9 boss profile(s) from file!
L 12/17/2021 - 22:37:55: [sf2.smx] Loading boss profile files from directory configs/sf2/profiles...
L 12/17/2021 - 22:37:55: [sf2.smx] addons\sourcemod\configs\sf2\profiles does not exist, skipping.
L 12/17/2021 - 22:37:55: [sf2.smx] Reloaded restricted weapons configuration file successfully
L 12/17/2021 - 22:40:31: [sf2.smx] Found sf2_maxplayers entity, set maxplayers to 8
L 12/17/2021 - 22:40:31: [sf2.smx] Found sf2_time_limit entity, set time limit to 240
L 12/17/2021 - 22:40:31: [sf2.smx] Found sf2_time_gain_from_page entity, set time gain to 30
L 12/17/2021 - 22:40:31: [sf2.smx] Found sf2_escape_time_limit entity, set escape time limit to 60
L 12/17/2021 - 22:40:31: [sf2.smx] ROUND SETTINGS:
 - Time limit: 240
 - Time gain from page: 30
 - Page collect sound: slender/slenderpagegrab.wav
 - Escape?: 1
 - Escape time limit: 60
 - Stop page music on escape: 0
 - Survive before escape?: 0
 - Survive until time: 30
 - Infinite flashlight: 1
 - Infinite sprint: 0
 - Infinite blink: 0
 - Bosses chase endlessly: 0
 - Intro music: slender/intro.mp3
 - Intro fade hold time: 9.000000
 - Intro fade time: 1.000000
L 12/17/2021 - 22:40:31: [sf2.smx] Loaded page music ranges successfully!
L 12/17/2021 - 22:40:40: [sf2.smx] Boss profile slenderman has been added to the game.
L 12/17/2021 - 22:41:26: [sf2.smx] Found sf2_time_limit entity, set time limit to 240
L 12/17/2021 - 22:41:26: [sf2.smx] Found sf2_time_gain_from_page entity, set time gain to 30
L 12/17/2021 - 22:41:26: [sf2.smx] Found sf2_escape_time_limit entity, set escape time limit to 60
L 12/17/2021 - 22:41:26: [sf2.smx] ROUND SETTINGS:
 - Time limit: 240
 - Time gain from page: 30
 - Page collect sound: slender/slenderpagegrab.wav
 - Escape?: 1
 - Escape time limit: 60
 - Stop page music on escape: 0
 - Survive before escape?: 0
 - Survive until time: 30
 - Infinite flashlight: 1
 - Infinite sprint: 0
 - Infinite blink: 0
 - Bosses chase endlessly: 0
 - Intro music: slender/intro.mp3
 - Intro fade hold time: 9.000000
 - Intro fade time: 1.000000
L 12/17/2021 - 22:41:26: [sf2.smx] Loaded page music ranges successfully!
L 12/17/2021 - 22:41:35: [sf2.smx] Boss profile slenderman has been added to the game.
L 12/17/2021 - 22:46:22: [sf2.smx] Found sf2_time_limit entity, set time limit to 240
L 12/17/2021 - 22:46:22: [sf2.smx] Found sf2_time_gain_from_page entity, set time gain to 30
L 12/17/2021 - 22:46:22: [sf2.smx] Found sf2_escape_time_limit entity, set escape time limit to 60
L 12/17/2021 - 22:46:22: [sf2.smx] ROUND SETTINGS:
 - Time limit: 240
 - Time gain from page: 30
 - Page collect sound: slender/slenderpagegrab.wav
 - Escape?: 1
 - Escape time limit: 60
 - Stop page music on escape: 0
 - Survive before escape?: 0
 - Survive until time: 30
 - Infinite flashlight: 1
 - Infinite sprint: 0
 - Infinite blink: 0
 - Bosses chase endlessly: 0
 - Intro music: slender/intro.mp3
 - Intro fade hold time: 9.000000
 - Intro fade time: 1.000000
L 12/17/2021 - 22:46:22: [sf2.smx] Loaded page music ranges successfully!
L 12/17/2021 - 22:46:31: [sf2.smx] Boss profile simon has been added to the game.
L 12/17/2021 - 22:51:19: [sf2.smx] Found sf2_time_limit entity, set time limit to 240
L 12/17/2021 - 22:51:19: [sf2.smx] Found sf2_time_gain_from_page entity, set time gain to 30
L 12/17/2021 - 22:51:19: [sf2.smx] Found sf2_escape_time_limit entity, set escape time limit to 60
L 12/17/2021 - 22:51:19: [sf2.smx] ROUND SETTINGS:
 - Time limit: 240
 - Time gain from page: 30
 - Page collect sound: slender/slenderpagegrab.wav
 - Escape?: 1
 - Escape time limit: 60
 - Stop page music on escape: 0
 - Survive before escape?: 0
 - Survive until time: 30
 - Infinite flashlight: 1
 - Infinite sprint: 0
 - Infinite blink: 0
 - Bosses chase endlessly: 0
 - Intro music: slender/intro.mp3
 - Intro fade hold time: 9.000000
 - Intro fade time: 1.000000
L 12/17/2021 - 22:51:19: [sf2.smx] Loaded page music ranges successfully!
L 12/17/2021 - 22:51:28: [sf2.smx] Boss profile slenderman has been added to the game.
L 12/17/2021 - 22:55:44: [sf2.smx] -------- Mapchange to slender_fiveroundsatfreddys_b4 -------
L 12/17/2021 - 22:55:44: [sf2.smx] Loading boss profiles from file addons\sourcemod\configs\sf2\profiles.cfg...
L 12/17/2021 - 22:55:45: [sf2.smx] slenderman...
L 12/17/2021 - 22:55:45: [sf2.smx] rake...
L 12/17/2021 - 22:55:45: [sf2.smx] weepingangel...
L 12/17/2021 - 22:55:45: [sf2.smx] hypersnatcher_nerfed...
L 12/17/2021 - 22:55:45: [sf2.smx] Sound file sound/slender/cof/sawhello.wav does not exist, excluding from downloads!
L 12/17/2021 - 22:55:45: [sf2.smx] Sound file sound/slender/cof/sawtheme.wav does not exist, excluding from downloads!
L 12/17/2021 - 22:55:45: [sf2.smx] Sound file sound/slender/cof/sawloop.wav does not exist, excluding from downloads!
L 12/17/2021 - 22:55:45: [sf2.smx] Sound file sound/slender/cof/sawmiss.mp3 does not exist, excluding from downloads!
L 12/17/2021 - 22:55:45: [sf2.smx] Sound file sound/slender/cof/sawalert1.mp3 does not exist, excluding from downloads!
L 12/17/2021 - 22:55:45: [sf2.smx] Sound file sound/slender/cof/sawalert2.mp3 does not exist, excluding from downloads!
L 12/17/2021 - 22:55:45: [sf2.smx] Sound file sound/slender/cof/sawalert3.mp3 does not exist, excluding from downloads!
L 12/17/2021 - 22:55:45: [sf2.smx] Sound file sound/slender/cof/sawhit.mp3 does not exist, excluding from downloads!
L 12/17/2021 - 22:55:45: [sf2.smx] Sound file sound/slender/cof/sawmiss.mp3 does not exist, excluding from downloads!
L 12/17/2021 - 22:55:45: [sf2.smx] sawrunner...
L 12/17/2021 - 22:55:45: [sf2.smx] simon...
L 12/17/2021 - 22:55:45: [sf2.smx] scp-173...
L 12/17/2021 - 22:55:45: [sf2.smx] cb_mtf...
L 12/17/2021 - 22:55:45: [sf2.smx] cb_scp049...
L 12/17/2021 - 22:55:45: [sf2.smx] Loaded 9 boss profile(s) from file!
L 12/17/2021 - 22:55:45: [sf2.smx] Loading boss profile files from directory configs/sf2/profiles...
L 12/17/2021 - 22:55:45: [sf2.smx] addons\sourcemod\configs\sf2\profiles does not exist, skipping.
L 12/17/2021 - 22:55:45: [sf2.smx] Reloaded restricted weapons configuration file successfully
L 12/17/2021 - 22:58:00: [sf2.smx] Found sf2_maxplayers entity, set maxplayers to 8
L 12/17/2021 - 22:58:00: [sf2.smx] Found sf2_time_limit entity, set time limit to 60
L 12/17/2021 - 22:58:00: [sf2.smx] Found sf2_time_gain_from_page entity, set time gain to 20
L 12/17/2021 - 22:58:00: [sf2.smx] Found sf2_escape_time_limit entity, set escape time limit to 300
L 12/17/2021 - 22:58:00: [sf2.smx] Found sf2_boss_override entity, set boss profile override to fnaf1_freddy
L 12/17/2021 - 22:58:00: [sf2.smx] ROUND SETTINGS:
 - Time limit: 60
 - Time gain from page: 20
 - Page collect sound: slender/slenderpagegrab.wav
 - Escape?: 1
 - Escape time limit: 300
 - Stop page music on escape: 1
 - Survive before escape?: 0
 - Survive until time: 30
 - Infinite flashlight: 1
 - Infinite sprint: 0
 - Infinite blink: 0
 - Bosses chase endlessly: 0
 - Intro music: slender/intro.mp3
 - Intro fade hold time: 9.000000
 - Intro fade time: 1.000000
L 12/17/2021 - 22:58:00: [sf2.smx] Loaded page music ranges successfully!
L 12/17/2021 - 22:58:09: [sf2.smx] Boss profile slenderman has been added to the game.
L 12/17/2021 - 22:59:49: [sf2.smx] Found sf2_time_limit entity, set time limit to 60
L 12/17/2021 - 22:59:49: [sf2.smx] Found sf2_time_gain_from_page entity, set time gain to 20
L 12/17/2021 - 22:59:49: [sf2.smx] Found sf2_escape_time_limit entity, set escape time limit to 300
L 12/17/2021 - 22:59:49: [sf2.smx] Found sf2_boss_override entity, set boss profile override to fnaf1_freddy
L 12/17/2021 - 22:59:49: [sf2.smx] ROUND SETTINGS:
 - Time limit: 60
 - Time gain from page: 20
 - Page collect sound: slender/slenderpagegrab.wav
 - Escape?: 1
 - Escape time limit: 300
 - Stop page music on escape: 1
 - Survive before escape?: 0
 - Survive until time: 30
 - Infinite flashlight: 1
 - Infinite sprint: 0
 - Infinite blink: 0
 - Bosses chase endlessly: 0
 - Intro music: slender/intro.mp3
 - Intro fade hold time: 9.000000
 - Intro fade time: 1.000000
L 12/17/2021 - 22:59:49: [sf2.smx] Loaded page music ranges successfully!
L 12/17/2021 - 23:00:04: [sf2.smx] Found sf2_time_limit entity, set time limit to 60
L 12/17/2021 - 23:00:04: [sf2.smx] Found sf2_time_gain_from_page entity, set time gain to 20
L 12/17/2021 - 23:00:04: [sf2.smx] Found sf2_escape_time_limit entity, set escape time limit to 300
L 12/17/2021 - 23:00:04: [sf2.smx] Found sf2_boss_override entity, set boss profile override to fnaf1_freddy
L 12/17/2021 - 23:00:04: [sf2.smx] ROUND SETTINGS:
 - Time limit: 60
 - Time gain from page: 20
 - Page collect sound: slender/slenderpagegrab.wav
 - Escape?: 1
 - Escape time limit: 300
 - Stop page music on escape: 1
 - Survive before escape?: 0
 - Survive until time: 30
 - Infinite flashlight: 1
 - Infinite sprint: 0
 - Infinite blink: 0
 - Bosses chase endlessly: 0
 - Intro music: slender/intro.mp3
 - Intro fade hold time: 9.000000
 - Intro fade time: 1.000000
L 12/17/2021 - 23:00:04: [sf2.smx] Loaded page music ranges successfully!
L 12/17/2021 - 23:00:13: [sf2.smx] Boss profile simon has been added to the game.
L 12/17/2021 - 23:02:15: [sf2.smx] Found sf2_time_limit entity, set time limit to 60
L 12/17/2021 - 23:02:15: [sf2.smx] Found sf2_time_gain_from_page entity, set time gain to 20
L 12/17/2021 - 23:02:15: [sf2.smx] Found sf2_escape_time_limit entity, set escape time limit to 300
L 12/17/2021 - 23:02:15: [sf2.smx] Found sf2_boss_override entity, set boss profile override to fnaf1_freddy
L 12/17/2021 - 23:02:15: [sf2.smx] ROUND SETTINGS:
 - Time limit: 60
 - Time gain from page: 20
 - Page collect sound: slender/slenderpagegrab.wav
 - Escape?: 1
 - Escape time limit: 300
 - Stop page music on escape: 1
 - Survive before escape?: 0
 - Survive until time: 30
 - Infinite flashlight: 1
 - Infinite sprint: 0
 - Infinite blink: 0
 - Bosses chase endlessly: 0
 - Intro music: slender/intro.mp3
 - Intro fade hold time: 9.000000
 - Intro fade time: 1.000000
L 12/17/2021 - 23:02:15: [sf2.smx] Loaded page music ranges successfully!
L 12/17/2021 - 23:02:24: [sf2.smx] Boss profile rake has been added to the game.
L 12/17/2021 - 23:04:27: [sf2.smx] Found sf2_time_limit entity, set time limit to 60
L 12/17/2021 - 23:04:27: [sf2.smx] Found sf2_time_gain_from_page entity, set time gain to 20
L 12/17/2021 - 23:04:27: [sf2.smx] Found sf2_escape_time_limit entity, set escape time limit to 300
L 12/17/2021 - 23:04:27: [sf2.smx] Found sf2_boss_override entity, set boss profile override to fnaf1_freddy
L 12/17/2021 - 23:04:27: [sf2.smx] ROUND SETTINGS:
 - Time limit: 60
 - Time gain from page: 20
 - Page collect sound: slender/slenderpagegrab.wav
 - Escape?: 1
 - Escape time limit: 300
 - Stop page music on escape: 1
 - Survive before escape?: 0
 - Survive until time: 30
 - Infinite flashlight: 1
 - Infinite sprint: 0
 - Infinite blink: 0
 - Bosses chase endlessly: 0
 - Intro music: slender/intro.mp3
 - Intro fade hold time: 9.000000
 - Intro fade time: 1.000000
L 12/17/2021 - 23:04:27: [sf2.smx] Loaded page music ranges successfully!
L 12/17/2021 - 23:04:36: [sf2.smx] Boss profile weepingangel has been added to the game.
L 12/17/2021 - 23:05:55: [sf2.smx] Found sf2_time_limit entity, set time limit to 60
L 12/17/2021 - 23:05:55: [sf2.smx] Found sf2_time_gain_from_page entity, set time gain to 20
L 12/17/2021 - 23:05:55: [sf2.smx] Found sf2_escape_time_limit entity, set escape time limit to 300
L 12/17/2021 - 23:05:55: [sf2.smx] Found sf2_boss_override entity, set boss profile override to fnaf1_freddy
L 12/17/2021 - 23:05:55: [sf2.smx] ROUND SETTINGS:
 - Time limit: 60
 - Time gain from page: 20
 - Page collect sound: slender/slenderpagegrab.wav
 - Escape?: 1
 - Escape time limit: 300
 - Stop page music on escape: 1
 - Survive before escape?: 0
 - Survive until time: 30
 - Infinite flashlight: 1
 - Infinite sprint: 0
 - Infinite blink: 0
 - Bosses chase endlessly: 0
 - Intro music: slender/intro.mp3
 - Intro fade hold time: 9.000000
 - Intro fade time: 1.000000
L 12/17/2021 - 23:05:55: [sf2.smx] Loaded page music ranges successfully!
L 12/17/2021 - 23:06:05: [sf2.smx] Boss profile sawrunner has been added to the game.
L 12/17/2021 - 23:07:09: [sf2.smx] -------- Mapchange to slender_fiveroundsatfreddys_b4 -------
L 12/17/2021 - 23:07:09: [sf2.smx] Loading boss profiles from file addons\sourcemod\configs\sf2\profiles.cfg...
L 12/17/2021 - 23:07:11: [sf2.smx] slenderman...
L 12/17/2021 - 23:07:11: [sf2.smx] rake...
L 12/17/2021 - 23:07:11: [sf2.smx] weepingangel...
L 12/17/2021 - 23:07:11: [sf2.smx] hypersnatcher_nerfed...
L 12/17/2021 - 23:07:11: [sf2.smx] Sound file sound/slender/cof/sawhello.wav does not exist, excluding from downloads!
L 12/17/2021 - 23:07:11: [sf2.smx] Sound file sound/slender/cof/sawtheme.wav does not exist, excluding from downloads!
L 12/17/2021 - 23:07:11: [sf2.smx] Sound file sound/slender/cof/sawloop.wav does not exist, excluding from downloads!
L 12/17/2021 - 23:07:11: [sf2.smx] Sound file sound/slender/cof/sawmiss.mp3 does not exist, excluding from downloads!
L 12/17/2021 - 23:07:11: [sf2.smx] Sound file sound/slender/cof/sawalert1.mp3 does not exist, excluding from downloads!
L 12/17/2021 - 23:07:11: [sf2.smx] Sound file sound/slender/cof/sawalert2.mp3 does not exist, excluding from downloads!
L 12/17/2021 - 23:07:11: [sf2.smx] Sound file sound/slender/cof/sawalert3.mp3 does not exist, excluding from downloads!
L 12/17/2021 - 23:07:11: [sf2.smx] Sound file sound/slender/cof/sawhit.mp3 does not exist, excluding from downloads!
L 12/17/2021 - 23:07:11: [sf2.smx] Sound file sound/slender/cof/sawmiss.mp3 does not exist, excluding from downloads!
L 12/17/2021 - 23:07:11: [sf2.smx] sawrunner...
L 12/17/2021 - 23:07:11: [sf2.smx] simon...
L 12/17/2021 - 23:07:11: [sf2.smx] scp-173...
L 12/17/2021 - 23:07:11: [sf2.smx] cb_mtf...
L 12/17/2021 - 23:07:11: [sf2.smx] cb_scp049...
L 12/17/2021 - 23:07:11: [sf2.smx] Loaded 9 boss profile(s) from file!
L 12/17/2021 - 23:07:11: [sf2.smx] Loading boss profile files from directory configs/sf2/profiles...
L 12/17/2021 - 23:07:11: [sf2.smx] addons\sourcemod\configs\sf2\profiles does not exist, skipping.
L 12/17/2021 - 23:07:11: [sf2.smx] Reloaded restricted weapons configuration file successfully
L 12/17/2021 - 23:11:33: [sf2.smx] -------- Mapchange to slender_fiveroundsatfreddys_b4 -------
L 12/17/2021 - 23:11:33: [sf2.smx] Loading boss profiles from file addons\sourcemod\configs\sf2\profiles.cfg...
L 12/17/2021 - 23:11:34: [sf2.smx] slenderman...
L 12/17/2021 - 23:11:34: [sf2.smx] rake...
L 12/17/2021 - 23:11:34: [sf2.smx] weepingangel...
L 12/17/2021 - 23:11:34: [sf2.smx] hypersnatcher_nerfed...
L 12/17/2021 - 23:11:34: [sf2.smx] Sound file sound/slender/cof/sawhello.wav does not exist, excluding from downloads!
L 12/17/2021 - 23:11:34: [sf2.smx] Sound file sound/slender/cof/sawtheme.wav does not exist, excluding from downloads!
L 12/17/2021 - 23:11:34: [sf2.smx] Sound file sound/slender/cof/sawloop.wav does not exist, excluding from downloads!
L 12/17/2021 - 23:11:34: [sf2.smx] Sound file sound/slender/cof/sawmiss.mp3 does not exist, excluding from downloads!
L 12/17/2021 - 23:11:34: [sf2.smx] Sound file sound/slender/cof/sawalert1.mp3 does not exist, excluding from downloads!
L 12/17/2021 - 23:11:34: [sf2.smx] Sound file sound/slender/cof/sawalert2.mp3 does not exist, excluding from downloads!
L 12/17/2021 - 23:11:34: [sf2.smx] Sound file sound/slender/cof/sawalert3.mp3 does not exist, excluding from downloads!
L 12/17/2021 - 23:11:34: [sf2.smx] Sound file sound/slender/cof/sawhit.mp3 does not exist, excluding from downloads!
L 12/17/2021 - 23:11:34: [sf2.smx] Sound file sound/slender/cof/sawmiss.mp3 does not exist, excluding from downloads!
L 12/17/2021 - 23:11:34: [sf2.smx] sawrunner...
L 12/17/2021 - 23:11:34: [sf2.smx] simon...
L 12/17/2021 - 23:11:34: [sf2.smx] scp-173...
L 12/17/2021 - 23:11:34: [sf2.smx] cb_mtf...
L 12/17/2021 - 23:11:34: [sf2.smx] cb_scp049...
L 12/17/2021 - 23:11:34: [sf2.smx] suitor...
L 12/17/2021 - 23:11:34: [sf2.smx] guardian...
L 12/17/2021 - 23:11:34: [sf2.smx] grunt...
L 12/17/2021 - 23:11:34: [sf2.smx] Loaded 12 boss profile(s) from file!
L 12/17/2021 - 23:11:34: [sf2.smx] Loading boss profile files from directory configs/sf2/profiles...
L 12/17/2021 - 23:11:34: [sf2.smx] addons\sourcemod\configs\sf2\profiles does not exist, skipping.
L 12/17/2021 - 23:11:34: [sf2.smx] Reloaded restricted weapons configuration file successfully
L 12/17/2021 - 23:14:17: [sf2.smx] -------- Mapchange to slender_fiveroundsatfreddys_b4 -------
L 12/17/2021 - 23:14:17: [sf2.smx] Loading boss profiles from file addons\sourcemod\configs\sf2\profiles.cfg...
L 12/17/2021 - 23:14:17: [sf2.smx] slenderman...
L 12/17/2021 - 23:14:17: [sf2.smx] rake...
L 12/17/2021 - 23:14:17: [sf2.smx] weepingangel...
L 12/17/2021 - 23:14:17: [sf2.smx] hypersnatcher_nerfed...
L 12/17/2021 - 23:14:17: [sf2.smx] Sound file sound/slender/cof/sawhello.wav does not exist, excluding from downloads!
L 12/17/2021 - 23:14:17: [sf2.smx] Sound file sound/slender/cof/sawtheme.wav does not exist, excluding from downloads!
L 12/17/2021 - 23:14:17: [sf2.smx] Sound file sound/slender/cof/sawloop.wav does not exist, excluding from downloads!
L 12/17/2021 - 23:14:17: [sf2.smx] Sound file sound/slender/cof/sawmiss.mp3 does not exist, excluding from downloads!
L 12/17/2021 - 23:14:17: [sf2.smx] Sound file sound/slender/cof/sawalert1.mp3 does not exist, excluding from downloads!
L 12/17/2021 - 23:14:17: [sf2.smx] Sound file sound/slender/cof/sawalert2.mp3 does not exist, excluding from downloads!
L 12/17/2021 - 23:14:17: [sf2.smx] Sound file sound/slender/cof/sawalert3.mp3 does not exist, excluding from downloads!
L 12/17/2021 - 23:14:17: [sf2.smx] Sound file sound/slender/cof/sawhit.mp3 does not exist, excluding from downloads!
L 12/17/2021 - 23:14:17: [sf2.smx] Sound file sound/slender/cof/sawmiss.mp3 does not exist, excluding from downloads!
L 12/17/2021 - 23:14:17: [sf2.smx] sawrunner...
L 12/17/2021 - 23:14:17: [sf2.smx] simon...
L 12/17/2021 - 23:14:17: [sf2.smx] scp-173...
L 12/17/2021 - 23:14:17: [sf2.smx] cb_mtf...
L 12/17/2021 - 23:14:17: [sf2.smx] cb_scp049...
L 12/17/2021 - 23:14:17: [sf2.smx] suitor...
L 12/17/2021 - 23:14:17: [sf2.smx] guardian...
L 12/17/2021 - 23:14:17: [sf2.smx] grunt...
L 12/17/2021 - 23:14:17: [sf2.smx] cartoon_cat...
L 12/17/2021 - 23:14:17: [sf2.smx] Loaded 13 boss profile(s) from file!
L 12/17/2021 - 23:14:17: [sf2.smx] Loading boss profile files from directory configs/sf2/profiles...
L 12/17/2021 - 23:14:17: [sf2.smx] addons\sourcemod\configs\sf2\profiles does not exist, skipping.
L 12/17/2021 - 23:14:17: [sf2.smx] Reloaded restricted weapons configuration file successfully
L 12/17/2021 - 23:15:36: [sf2.smx] -------- Mapchange to slender_fiveroundsatfreddys_b4 -------
L 12/17/2021 - 23:15:36: [sf2.smx] Loading boss profiles from file addons\sourcemod\configs\sf2\profiles.cfg...
L 12/17/2021 - 23:15:36: [sf2.smx] slenderman...
L 12/17/2021 - 23:15:36: [sf2.smx] rake...
L 12/17/2021 - 23:15:36: [sf2.smx] weepingangel...
L 12/17/2021 - 23:15:36: [sf2.smx] hypersnatcher_nerfed...
L 12/17/2021 - 23:15:36: [sf2.smx] Sound file sound/slender/cof/sawhello.wav does not exist, excluding from downloads!
L 12/17/2021 - 23:15:36: [sf2.smx] Sound file sound/slender/cof/sawtheme.wav does not exist, excluding from downloads!
L 12/17/2021 - 23:15:36: [sf2.smx] Sound file sound/slender/cof/sawloop.wav does not exist, excluding from downloads!
L 12/17/2021 - 23:15:36: [sf2.smx] Sound file sound/slender/cof/sawmiss.mp3 does not exist, excluding from downloads!
L 12/17/2021 - 23:15:36: [sf2.smx] Sound file sound/slender/cof/sawalert1.mp3 does not exist, excluding from downloads!
L 12/17/2021 - 23:15:36: [sf2.smx] Sound file sound/slender/cof/sawalert2.mp3 does not exist, excluding from downloads!
L 12/17/2021 - 23:15:36: [sf2.smx] Sound file sound/slender/cof/sawalert3.mp3 does not exist, excluding from downloads!
L 12/17/2021 - 23:15:36: [sf2.smx] Sound file sound/slender/cof/sawhit.mp3 does not exist, excluding from downloads!
L 12/17/2021 - 23:15:36: [sf2.smx] Sound file sound/slender/cof/sawmiss.mp3 does not exist, excluding from downloads!
L 12/17/2021 - 23:15:36: [sf2.smx] sawrunner...
L 12/17/2021 - 23:15:36: [sf2.smx] simon...
L 12/17/2021 - 23:15:36: [sf2.smx] scp-173...
L 12/17/2021 - 23:15:36: [sf2.smx] cb_mtf...
L 12/17/2021 - 23:15:36: [sf2.smx] cb_scp049...
L 12/17/2021 - 23:15:36: [sf2.smx] suitor...
L 12/17/2021 - 23:15:36: [sf2.smx] guardian...
L 12/17/2021 - 23:15:36: [sf2.smx] grunt...
L 12/17/2021 - 23:15:36: [sf2.smx] cartoon_cat...
L 12/17/2021 - 23:15:36: [sf2.smx] brute...
L 12/17/2021 - 23:15:36: [sf2.smx] armless...
L 12/17/2021 - 23:15:36: [sf2.smx] chriswalker...
L 12/17/2021 - 23:15:36: [sf2.smx] drtrager...
L 12/17/2021 - 23:15:36: [sf2.smx] Loaded 17 boss profile(s) from file!
L 12/17/2021 - 23:15:36: [sf2.smx] Loading boss profile files from directory configs/sf2/profiles...
L 12/17/2021 - 23:15:36: [sf2.smx] addons\sourcemod\configs\sf2\profiles does not exist, skipping.
L 12/17/2021 - 23:15:36: [sf2.smx] Reloaded restricted weapons configuration file successfully
L 12/17/2021 - 23:16:37: [sf2.smx] -------- Mapchange to slender_fiveroundsatfreddys_b4 -------
L 12/17/2021 - 23:16:37: [sf2.smx] Loading boss profiles from file addons\sourcemod\configs\sf2\profiles.cfg...
L 12/17/2021 - 23:16:37: [sf2.smx] slenderman...
L 12/17/2021 - 23:16:37: [sf2.smx] rake...
L 12/17/2021 - 23:16:37: [sf2.smx] weepingangel...
L 12/17/2021 - 23:16:37: [sf2.smx] hypersnatcher_nerfed...
L 12/17/2021 - 23:16:37: [sf2.smx] Sound file sound/slender/cof/sawhello.wav does not exist, excluding from downloads!
L 12/17/2021 - 23:16:37: [sf2.smx] Sound file sound/slender/cof/sawtheme.wav does not exist, excluding from downloads!
L 12/17/2021 - 23:16:37: [sf2.smx] Sound file sound/slender/cof/sawloop.wav does not exist, excluding from downloads!
L 12/17/2021 - 23:16:37: [sf2.smx] Sound file sound/slender/cof/sawmiss.mp3 does not exist, excluding from downloads!
L 12/17/2021 - 23:16:37: [sf2.smx] Sound file sound/slender/cof/sawalert1.mp3 does not exist, excluding from downloads!
L 12/17/2021 - 23:16:37: [sf2.smx] Sound file sound/slender/cof/sawalert2.mp3 does not exist, excluding from downloads!
L 12/17/2021 - 23:16:37: [sf2.smx] Sound file sound/slender/cof/sawalert3.mp3 does not exist, excluding from downloads!
L 12/17/2021 - 23:16:37: [sf2.smx] Sound file sound/slender/cof/sawhit.mp3 does not exist, excluding from downloads!
L 12/17/2021 - 23:16:37: [sf2.smx] Sound file sound/slender/cof/sawmiss.mp3 does not exist, excluding from downloads!
L 12/17/2021 - 23:16:37: [sf2.smx] sawrunner...
L 12/17/2021 - 23:16:37: [sf2.smx] simon...
L 12/17/2021 - 23:16:37: [sf2.smx] scp-173...
L 12/17/2021 - 23:16:37: [sf2.smx] cb_mtf...
L 12/17/2021 - 23:16:37: [sf2.smx] cb_scp049...
L 12/17/2021 - 23:16:37: [sf2.smx] suitor...
L 12/17/2021 - 23:16:37: [sf2.smx] guardian...
L 12/17/2021 - 23:16:37: [sf2.smx] grunt...
L 12/17/2021 - 23:16:37: [sf2.smx] cartoon_cat...
L 12/17/2021 - 23:16:37: [sf2.smx] brute...
L 12/17/2021 - 23:16:37: [sf2.smx] armless...
L 12/17/2021 - 23:16:37: [sf2.smx] chriswalker...
L 12/17/2021 - 23:16:37: [sf2.smx] drtrager...
L 12/17/2021 - 23:16:37: [sf2.smx] patriarch...
L 12/17/2021 - 23:16:37: [sf2.smx] fnaf1_freddy...
L 12/17/2021 - 23:16:37: [sf2.smx] fnaf1_goldenfreddy...
L 12/17/2021 - 23:16:37: [sf2.smx] fnaf1_foxy...
L 12/17/2021 - 23:16:37: [sf2.smx] fnaf1_bonnie...
L 12/17/2021 - 23:16:38: [sf2.smx] Loaded 22 boss profile(s) from file!
L 12/17/2021 - 23:16:38: [sf2.smx] Loading boss profile files from directory configs/sf2/profiles...
L 12/17/2021 - 23:16:38: [sf2.smx] addons\sourcemod\configs\sf2\profiles does not exist, skipping.
L 12/17/2021 - 23:16:38: [sf2.smx] Reloaded restricted weapons configuration file successfully
L 12/17/2021 - 23:17:36: [sf2.smx] -------- Mapchange to slender_fiveroundsatfreddys_b4 -------
L 12/17/2021 - 23:17:36: [sf2.smx] Loading boss profiles from file addons\sourcemod\configs\sf2\profiles.cfg...
L 12/17/2021 - 23:17:36: [sf2.smx] slenderman...
L 12/17/2021 - 23:17:36: [sf2.smx] rake...
L 12/17/2021 - 23:17:36: [sf2.smx] weepingangel...
L 12/17/2021 - 23:17:36: [sf2.smx] hypersnatcher_nerfed...
L 12/17/2021 - 23:17:36: [sf2.smx] Sound file sound/slender/cof/sawhello.wav does not exist, excluding from downloads!
L 12/17/2021 - 23:17:36: [sf2.smx] Sound file sound/slender/cof/sawtheme.wav does not exist, excluding from downloads!
L 12/17/2021 - 23:17:36: [sf2.smx] Sound file sound/slender/cof/sawloop.wav does not exist, excluding from downloads!
L 12/17/2021 - 23:17:36: [sf2.smx] Sound file sound/slender/cof/sawmiss.mp3 does not exist, excluding from downloads!
L 12/17/2021 - 23:17:36: [sf2.smx] Sound file sound/slender/cof/sawalert1.mp3 does not exist, excluding from downloads!
L 12/17/2021 - 23:17:36: [sf2.smx] Sound file sound/slender/cof/sawalert2.mp3 does not exist, excluding from downloads!
L 12/17/2021 - 23:17:36: [sf2.smx] Sound file sound/slender/cof/sawalert3.mp3 does not exist, excluding from downloads!
L 12/17/2021 - 23:17:36: [sf2.smx] Sound file sound/slender/cof/sawhit.mp3 does not exist, excluding from downloads!
L 12/17/2021 - 23:17:36: [sf2.smx] Sound file sound/slender/cof/sawmiss.mp3 does not exist, excluding from downloads!
L 12/17/2021 - 23:17:36: [sf2.smx] sawrunner...
L 12/17/2021 - 23:17:36: [sf2.smx] simon...
L 12/17/2021 - 23:17:36: [sf2.smx] scp-173...
L 12/17/2021 - 23:17:36: [sf2.smx] cb_mtf...
L 12/17/2021 - 23:17:36: [sf2.smx] cb_scp049...
L 12/17/2021 - 23:17:36: [sf2.smx] suitor...
L 12/17/2021 - 23:17:36: [sf2.smx] guardian...
L 12/17/2021 - 23:17:36: [sf2.smx] grunt...
L 12/17/2021 - 23:17:36: [sf2.smx] cartoon_cat...
L 12/17/2021 - 23:17:36: [sf2.smx] brute...
L 12/17/2021 - 23:17:36: [sf2.smx] armless...
L 12/17/2021 - 23:17:36: [sf2.smx] chriswalker...
L 12/17/2021 - 23:17:36: [sf2.smx] drtrager...
L 12/17/2021 - 23:17:36: [sf2.smx] patriarch...
L 12/17/2021 - 23:17:36: [sf2.smx] fnaf1_freddy...
L 12/17/2021 - 23:17:36: [sf2.smx] fnaf1_goldenfreddy...
L 12/17/2021 - 23:17:36: [sf2.smx] fnaf1_foxy...
L 12/17/2021 - 23:17:36: [sf2.smx] fnaf1_bonnie...
L 12/17/2021 - 23:17:36: [sf2.smx] fnaf1_chica...
L 12/17/2021 - 23:17:36: [sf2.smx] Loaded 23 boss profile(s) from file!
L 12/17/2021 - 23:17:36: [sf2.smx] Loading boss profile files from directory configs/sf2/profiles...
L 12/17/2021 - 23:17:36: [sf2.smx] addons\sourcemod\configs\sf2\profiles does not exist, skipping.
L 12/17/2021 - 23:17:36: [sf2.smx] Reloaded restricted weapons configuration file successfully
L 12/17/2021 - 23:27:38: [sf2.smx] Found sf2_maxplayers entity, set maxplayers to 8
L 12/17/2021 - 23:27:38: [sf2.smx] Found sf2_time_limit entity, set time limit to 60
L 12/17/2021 - 23:27:38: [sf2.smx] Found sf2_time_gain_from_page entity, set time gain to 20
L 12/17/2021 - 23:27:38: [sf2.smx] Found sf2_escape_time_limit entity, set escape time limit to 300
L 12/17/2021 - 23:27:38: [sf2.smx] Found sf2_boss_override entity, set boss profile override to fnaf1_freddy
L 12/17/2021 - 23:27:38: [sf2.smx] ROUND SETTINGS:
 - Time limit: 60
 - Time gain from page: 20
 - Page collect sound: slender/slenderpagegrab.wav
 - Escape?: 1
 - Escape time limit: 300
 - Stop page music on escape: 1
 - Survive before escape?: 0
 - Survive until time: 30
 - Infinite flashlight: 1
 - Infinite sprint: 0
 - Infinite blink: 0
 - Bosses chase endlessly: 0
 - Intro music: slender/intro.mp3
 - Intro fade hold time: 9.000000
 - Intro fade time: 1.000000
L 12/17/2021 - 23:27:38: [sf2.smx] Loaded page music ranges successfully!
L 12/17/2021 - 23:27:47: [sf2.smx] Boss profile fnaf1_goldenfreddy has been added to the game.
L 12/17/2021 - 23:27:47: [sf2.smx] Boss profile fnaf1_foxy has been added to the game.
L 12/17/2021 - 23:27:47: [sf2.smx] Boss profile fnaf1_bonnie has been added to the game.
L 12/17/2021 - 23:27:47: [sf2.smx] Boss profile fnaf1_chica has been added to the game.
L 12/17/2021 - 23:27:47: [sf2.smx] Boss profile fnaf1_freddy has been added to the game.
L 12/17/2021 - 23:28:49: [sf2.smx] Found sf2_time_limit entity, set time limit to 60
L 12/17/2021 - 23:28:49: [sf2.smx] Found sf2_time_gain_from_page entity, set time gain to 20
L 12/17/2021 - 23:28:49: [sf2.smx] Found sf2_escape_time_limit entity, set escape time limit to 300
L 12/17/2021 - 23:28:49: [sf2.smx] Found sf2_boss_override entity, set boss profile override to fnaf1_freddy
L 12/17/2021 - 23:28:49: [sf2.smx] ROUND SETTINGS:
 - Time limit: 60
 - Time gain from page: 20
 - Page collect sound: slender/slenderpagegrab.wav
 - Escape?: 1
 - Escape time limit: 300
 - Stop page music on escape: 1
 - Survive before escape?: 0
 - Survive until time: 30
 - Infinite flashlight: 1
 - Infinite sprint: 0
 - Infinite blink: 0
 - Bosses chase endlessly: 0
 - Intro music: slender/intro.mp3
 - Intro fade hold time: 9.000000
 - Intro fade time: 1.000000
L 12/17/2021 - 23:28:49: [sf2.smx] Loaded page music ranges successfully!
L 12/17/2021 - 23:28:58: [sf2.smx] Boss profile fnaf1_goldenfreddy has been added to the game.
L 12/17/2021 - 23:28:58: [sf2.smx] Boss profile fnaf1_foxy has been added to the game.
L 12/17/2021 - 23:28:58: [sf2.smx] Boss profile fnaf1_bonnie has been added to the game.
L 12/17/2021 - 23:28:58: [sf2.smx] Boss profile fnaf1_chica has been added to the game.
L 12/17/2021 - 23:28:58: [sf2.smx] Boss profile fnaf1_freddy has been added to the game.
L 12/17/2021 - 23:31:00: [sf2.smx] Found sf2_time_limit entity, set time limit to 60
L 12/17/2021 - 23:31:00: [sf2.smx] Found sf2_time_gain_from_page entity, set time gain to 20
L 12/17/2021 - 23:31:00: [sf2.smx] Found sf2_escape_time_limit entity, set escape time limit to 300
L 12/17/2021 - 23:31:00: [sf2.smx] Found sf2_boss_override entity, set boss profile override to fnaf1_freddy
L 12/17/2021 - 23:31:00: [sf2.smx] ROUND SETTINGS:
 - Time limit: 60
 - Time gain from page: 20
 - Page collect sound: slender/slenderpagegrab.wav
 - Escape?: 1
 - Escape time limit: 300
 - Stop page music on escape: 1
 - Survive before escape?: 0
 - Survive until time: 30
 - Infinite flashlight: 1
 - Infinite sprint: 0
 - Infinite blink: 0
 - Bosses chase endlessly: 0
 - Intro music: slender/intro.mp3
 - Intro fade hold time: 9.000000
 - Intro fade time: 1.000000
L 12/17/2021 - 23:31:00: [sf2.smx] Loaded page music ranges successfully!
L 12/17/2021 - 23:31:09: [sf2.smx] Boss profile sawrunner has been added to the game.
L 12/17/2021 - 23:42:05: [sf2.smx] -------- Mapchange to slender_fiveroundsatfreddys_b4 -------
L 12/17/2021 - 23:42:05: [sf2.smx] Loading boss profiles from file addons\sourcemod\configs\sf2\profiles.cfg...
L 12/17/2021 - 23:42:05: [sf2.smx] slenderman...
L 12/17/2021 - 23:42:05: [sf2.smx] rake...
L 12/17/2021 - 23:42:05: [sf2.smx] weepingangel...
L 12/17/2021 - 23:42:05: [sf2.smx] hypersnatcher_nerfed...
L 12/17/2021 - 23:42:05: [sf2.smx] Sound file sound/slender/cof/sawhello.wav does not exist, excluding from downloads!
L 12/17/2021 - 23:42:05: [sf2.smx] Sound file sound/slender/cof/sawtheme.wav does not exist, excluding from downloads!
L 12/17/2021 - 23:42:05: [sf2.smx] Sound file sound/slender/cof/sawloop.wav does not exist, excluding from downloads!
L 12/17/2021 - 23:42:05: [sf2.smx] Sound file sound/slender/cof/sawmiss.mp3 does not exist, excluding from downloads!
L 12/17/2021 - 23:42:05: [sf2.smx] Sound file sound/slender/cof/sawalert1.mp3 does not exist, excluding from downloads!
L 12/17/2021 - 23:42:05: [sf2.smx] Sound file sound/slender/cof/sawalert2.mp3 does not exist, excluding from downloads!
L 12/17/2021 - 23:42:05: [sf2.smx] Sound file sound/slender/cof/sawalert3.mp3 does not exist, excluding from downloads!
L 12/17/2021 - 23:42:05: [sf2.smx] Sound file sound/slender/cof/sawhit.mp3 does not exist, excluding from downloads!
L 12/17/2021 - 23:42:05: [sf2.smx] Sound file sound/slender/cof/sawmiss.mp3 does not exist, excluding from downloads!
L 12/17/2021 - 23:42:05: [sf2.smx] sawrunner...
L 12/17/2021 - 23:42:05: [sf2.smx] simon...
L 12/17/2021 - 23:42:05: [sf2.smx] scp-173...
L 12/17/2021 - 23:42:05: [sf2.smx] cb_mtf...
L 12/17/2021 - 23:42:05: [sf2.smx] cb_scp049...
L 12/17/2021 - 23:42:05: [sf2.smx] suitor...
L 12/17/2021 - 23:42:05: [sf2.smx] guardian...
L 12/17/2021 - 23:42:05: [sf2.smx] grunt...
L 12/17/2021 - 23:42:05: [sf2.smx] cartoon_cat...
L 12/17/2021 - 23:42:05: [sf2.smx] brute...
L 12/17/2021 - 23:42:05: [sf2.smx] armless...
L 12/17/2021 - 23:42:05: [sf2.smx] chriswalker...
L 12/17/2021 - 23:42:05: [sf2.smx] drtrager...
L 12/17/2021 - 23:42:05: [sf2.smx] patriarch...
L 12/17/2021 - 23:42:05: [sf2.smx] fnaf1_freddy...
L 12/17/2021 - 23:42:05: [sf2.smx] fnaf1_goldenfreddy...
L 12/17/2021 - 23:42:05: [sf2.smx] fnaf1_foxy...
L 12/17/2021 - 23:42:05: [sf2.smx] fnaf1_bonnie...
L 12/17/2021 - 23:42:05: [sf2.smx] fnaf1_chica...
L 12/17/2021 - 23:42:05: [sf2.smx] zombiesci...
L 12/17/2021 - 23:42:05: [sf2.smx] zombieguard...
L 12/17/2021 - 23:42:05: [sf2.smx] handsome_jack...
L 12/17/2021 - 23:42:05: [sf2.smx] meem...
L 12/17/2021 - 23:42:05: [sf2.smx] Sound file sound/vo/halloween_boo1.wav does not exist, excluding from downloads!
L 12/17/2021 - 23:42:05: [sf2.smx] Sound file sound/vo/halloween_boo2.wav does not exist, excluding from downloads!
L 12/17/2021 - 23:42:05: [sf2.smx] Sound file sound/vo/halloween_boo3.wav does not exist, excluding from downloads!
L 12/17/2021 - 23:42:05: [sf2.smx] Sound file sound/vo/halloween_boo4.wav does not exist, excluding from downloads!
L 12/17/2021 - 23:42:05: [sf2.smx] Sound file sound/vo/halloween_boo5.wav does not exist, excluding from downloads!
L 12/17/2021 - 23:42:05: [sf2.smx] Sound file sound/vo/halloween_boo6.wav does not exist, excluding from downloads!
L 12/17/2021 - 23:42:05: [sf2.smx] Sound file sound/vo/halloween_boo7.wav does not exist, excluding from downloads!
L 12/17/2021 - 23:42:05: [sf2.smx] Sound file sound/vo/halloween_moan1.wav does not exist, excluding from downloads!
L 12/17/2021 - 23:42:05: [sf2.smx] Sound file sound/vo/halloween_moan2.wav does not exist, excluding from downloads!
L 12/17/2021 - 23:42:05: [sf2.smx] Sound file sound/vo/halloween_moan3.wav does not exist, excluding from downloads!
L 12/17/2021 - 23:42:05: [sf2.smx] Sound file sound/vo/halloween_moan4.wav does not exist, excluding from downloads!
L 12/17/2021 - 23:42:05: [sf2.smx] Sound file sound/vo/halloween_haunted1.wav does not exist, excluding from downloads!
L 12/17/2021 - 23:42:05: [sf2.smx] Sound file sound/vo/halloween_haunted2.wav does not exist, excluding from downloads!
L 12/17/2021 - 23:42:05: [sf2.smx] Sound file sound/vo/halloween_haunted3.wav does not exist, excluding from downloads!
L 12/17/2021 - 23:42:05: [sf2.smx] Sound file sound/vo/halloween_haunted4.wav does not exist, excluding from downloads!
L 12/17/2021 - 23:42:05: [sf2.smx] Sound file sound/vo/halloween_haunted5.wav does not exist, excluding from downloads!
L 12/17/2021 - 23:42:05: [sf2.smx] Sound file sound/vo/halloween_moan1.wav does not exist, excluding from downloads!
L 12/17/2021 - 23:42:05: [sf2.smx] Sound file sound/vo/halloween_moan2.wav does not exist, excluding from downloads!
L 12/17/2021 - 23:42:05: [sf2.smx] Sound file sound/vo/halloween_moan3.wav does not exist, excluding from downloads!
L 12/17/2021 - 23:42:05: [sf2.smx] Sound file sound/vo/halloween_moan4.wav does not exist, excluding from downloads!
L 12/17/2021 - 23:42:05: [sf2.smx] tf2ghost...
L 12/17/2021 - 23:42:05: [sf2.smx] Sound file sound/vo/halloween_mann_brothers/sf13_blutarch_enemies10.wav does not exist, excluding from downloads!
L 12/17/2021 - 23:42:05: [sf2.smx] Sound file sound/vo/halloween_mann_brothers/sf13_blutarch_enemies12.wav does not exist, excluding from downloads!
L 12/17/2021 - 23:42:05: [sf2.smx] Sound file sound/vo/halloween_mann_brothers/sf13_blutarch_enemies13.wav does not exist, excluding from downloads!
L 12/17/2021 - 23:42:05: [sf2.smx] Sound file sound/vo/halloween_mann_brothers/sf13_blutarch_enemies15.wav does not exist, excluding from downloads!
L 12/17/2021 - 23:42:05: [sf2.smx] Sound file sound/vo/halloween_mann_brothers/sf13_redmond_enemies05.wav does not exist, excluding from downloads!
L 12/17/2021 - 23:42:05: [sf2.smx] Sound file sound/vo/halloween_mann_brothers/sf13_redmond_enemies06.wav does not exist, excluding from downloads!
L 12/17/2021 - 23:42:05: [sf2.smx] Sound file sound/vo/halloween_mann_brothers/sf13_redmond_enemies07.wav does not exist, excluding from downloads!
L 12/17/2021 - 23:42:05: [sf2.smx] skeleton...
L 12/17/2021 - 23:42:05: [sf2.smx] Loaded 29 boss profile(s) from file!
L 12/17/2021 - 23:42:05: [sf2.smx] Loading boss profile files from directory configs/sf2/profiles...
L 12/17/2021 - 23:42:05: [sf2.smx] addons\sourcemod\configs\sf2\profiles does not exist, skipping.
L 12/17/2021 - 23:42:05: [sf2.smx] Reloaded restricted weapons configuration file successfully
L 12/17/2021 - 23:43:31: [sf2.smx] -------- Mapchange to slender_backrooms_r1a -------
L 12/17/2021 - 23:43:32: [sf2.smx] Loading boss profiles from file addons\sourcemod\configs\sf2\profiles.cfg...
L 12/17/2021 - 23:43:32: [sf2.smx] slenderman...
L 12/17/2021 - 23:43:32: [sf2.smx] rake...
L 12/17/2021 - 23:43:32: [sf2.smx] weepingangel...
L 12/17/2021 - 23:43:32: [sf2.smx] hypersnatcher_nerfed...
L 12/17/2021 - 23:43:32: [sf2.smx] Sound file sound/slender/cof/sawhello.wav does not exist, excluding from downloads!
L 12/17/2021 - 23:43:32: [sf2.smx] Sound file sound/slender/cof/sawtheme.wav does not exist, excluding from downloads!
L 12/17/2021 - 23:43:32: [sf2.smx] Sound file sound/slender/cof/sawloop.wav does not exist, excluding from downloads!
L 12/17/2021 - 23:43:32: [sf2.smx] Sound file sound/slender/cof/sawmiss.mp3 does not exist, excluding from downloads!
L 12/17/2021 - 23:43:32: [sf2.smx] Sound file sound/slender/cof/sawalert1.mp3 does not exist, excluding from downloads!
L 12/17/2021 - 23:43:32: [sf2.smx] Sound file sound/slender/cof/sawalert2.mp3 does not exist, excluding from downloads!
L 12/17/2021 - 23:43:32: [sf2.smx] Sound file sound/slender/cof/sawalert3.mp3 does not exist, excluding from downloads!
L 12/17/2021 - 23:43:32: [sf2.smx] Sound file sound/slender/cof/sawhit.mp3 does not exist, excluding from downloads!
L 12/17/2021 - 23:43:32: [sf2.smx] Sound file sound/slender/cof/sawmiss.mp3 does not exist, excluding from downloads!
L 12/17/2021 - 23:43:32: [sf2.smx] sawrunner...
L 12/17/2021 - 23:43:32: [sf2.smx] simon...
L 12/17/2021 - 23:43:32: [sf2.smx] scp-173...
L 12/17/2021 - 23:43:32: [sf2.smx] cb_mtf...
L 12/17/2021 - 23:43:32: [sf2.smx] cb_scp049...
L 12/17/2021 - 23:43:32: [sf2.smx] suitor...
L 12/17/2021 - 23:43:32: [sf2.smx] guardian...
L 12/17/2021 - 23:43:32: [sf2.smx] grunt...
L 12/17/2021 - 23:43:32: [sf2.smx] cartoon_cat...
L 12/17/2021 - 23:43:32: [sf2.smx] brute...
L 12/17/2021 - 23:43:32: [sf2.smx] armless...
L 12/17/2021 - 23:43:32: [sf2.smx] chriswalker...
L 12/17/2021 - 23:43:32: [sf2.smx] drtrager...
L 12/17/2021 - 23:43:32: [sf2.smx] patriarch...
L 12/17/2021 - 23:43:32: [sf2.smx] fnaf1_freddy...
L 12/17/2021 - 23:43:32: [sf2.smx] fnaf1_goldenfreddy...
L 12/17/2021 - 23:43:32: [sf2.smx] fnaf1_foxy...
L 12/17/2021 - 23:43:32: [sf2.smx] fnaf1_bonnie...
L 12/17/2021 - 23:43:32: [sf2.smx] fnaf1_chica...
L 12/17/2021 - 23:43:32: [sf2.smx] zombiesci...
L 12/17/2021 - 23:43:32: [sf2.smx] zombieguard...
L 12/17/2021 - 23:43:32: [sf2.smx] handsome_jack...
L 12/17/2021 - 23:43:32: [sf2.smx] meem...
L 12/17/2021 - 23:43:32: [sf2.smx] Sound file sound/vo/halloween_boo1.wav does not exist, excluding from downloads!
L 12/17/2021 - 23:43:32: [sf2.smx] Sound file sound/vo/halloween_boo2.wav does not exist, excluding from downloads!
L 12/17/2021 - 23:43:32: [sf2.smx] Sound file sound/vo/halloween_boo3.wav does not exist, excluding from downloads!
L 12/17/2021 - 23:43:32: [sf2.smx] Sound file sound/vo/halloween_boo4.wav does not exist, excluding from downloads!
L 12/17/2021 - 23:43:32: [sf2.smx] Sound file sound/vo/halloween_boo5.wav does not exist, excluding from downloads!
L 12/17/2021 - 23:43:32: [sf2.smx] Sound file sound/vo/halloween_boo6.wav does not exist, excluding from downloads!
L 12/17/2021 - 23:43:32: [sf2.smx] Sound file sound/vo/halloween_boo7.wav does not exist, excluding from downloads!
L 12/17/2021 - 23:43:32: [sf2.smx] Sound file sound/vo/halloween_moan1.wav does not exist, excluding from downloads!
L 12/17/2021 - 23:43:32: [sf2.smx] Sound file sound/vo/halloween_moan2.wav does not exist, excluding from downloads!
L 12/17/2021 - 23:43:32: [sf2.smx] Sound file sound/vo/halloween_moan3.wav does not exist, excluding from downloads!
L 12/17/2021 - 23:43:32: [sf2.smx] Sound file sound/vo/halloween_moan4.wav does not exist, excluding from downloads!
L 12/17/2021 - 23:43:32: [sf2.smx] Sound file sound/vo/halloween_haunted1.wav does not exist, excluding from downloads!
L 12/17/2021 - 23:43:32: [sf2.smx] Sound file sound/vo/halloween_haunted2.wav does not exist, excluding from downloads!
L 12/17/2021 - 23:43:32: [sf2.smx] Sound file sound/vo/halloween_haunted3.wav does not exist, excluding from downloads!
L 12/17/2021 - 23:43:32: [sf2.smx] Sound file sound/vo/halloween_haunted4.wav does not exist, excluding from downloads!
L 12/17/2021 - 23:43:32: [sf2.smx] Sound file sound/vo/halloween_haunted5.wav does not exist, excluding from downloads!
L 12/17/2021 - 23:43:32: [sf2.smx] Sound file sound/vo/halloween_moan1.wav does not exist, excluding from downloads!
L 12/17/2021 - 23:43:32: [sf2.smx] Sound file sound/vo/halloween_moan2.wav does not exist, excluding from downloads!
L 12/17/2021 - 23:43:32: [sf2.smx] Sound file sound/vo/halloween_moan3.wav does not exist, excluding from downloads!
L 12/17/2021 - 23:43:32: [sf2.smx] Sound file sound/vo/halloween_moan4.wav does not exist, excluding from downloads!
L 12/17/2021 - 23:43:32: [sf2.smx] tf2ghost...
L 12/17/2021 - 23:43:32: [sf2.smx] Sound file sound/vo/halloween_mann_brothers/sf13_blutarch_enemies10.wav does not exist, excluding from downloads!
L 12/17/2021 - 23:43:32: [sf2.smx] Sound file sound/vo/halloween_mann_brothers/sf13_blutarch_enemies12.wav does not exist, excluding from downloads!
L 12/17/2021 - 23:43:32: [sf2.smx] Sound file sound/vo/halloween_mann_brothers/sf13_blutarch_enemies13.wav does not exist, excluding from downloads!
L 12/17/2021 - 23:43:32: [sf2.smx] Sound file sound/vo/halloween_mann_brothers/sf13_blutarch_enemies15.wav does not exist, excluding from downloads!
L 12/17/2021 - 23:43:32: [sf2.smx] Sound file sound/vo/halloween_mann_brothers/sf13_redmond_enemies05.wav does not exist, excluding from downloads!
L 12/17/2021 - 23:43:32: [sf2.smx] Sound file sound/vo/halloween_mann_brothers/sf13_redmond_enemies06.wav does not exist, excluding from downloads!
L 12/17/2021 - 23:43:32: [sf2.smx] Sound file sound/vo/halloween_mann_brothers/sf13_redmond_enemies07.wav does not exist, excluding from downloads!
L 12/17/2021 - 23:43:32: [sf2.smx] skeleton...
L 12/17/2021 - 23:43:32: [sf2.smx] Loaded 29 boss profile(s) from file!
L 12/17/2021 - 23:43:32: [sf2.smx] Loading boss profile files from directory configs/sf2/profiles...
L 12/17/2021 - 23:43:32: [sf2.smx] addons\sourcemod\configs\sf2\profiles does not exist, skipping.
L 12/17/2021 - 23:43:32: [sf2.smx] Reloaded restricted weapons configuration file successfully
L 12/17/2021 - 23:47:09: [sf2.smx] -------- Mapchange to slender_backrooms_r1a -------
L 12/17/2021 - 23:47:09: [sf2.smx] Loading boss profiles from file addons\sourcemod\configs\sf2\profiles.cfg...
L 12/17/2021 - 23:47:09: [sf2.smx] slenderman...
L 12/17/2021 - 23:47:09: [sf2.smx] rake...
L 12/17/2021 - 23:47:09: [sf2.smx] weepingangel...
L 12/17/2021 - 23:47:09: [sf2.smx] hypersnatcher_nerfed...
L 12/17/2021 - 23:47:09: [sf2.smx] Sound file sound/slender/cof/sawhello.wav does not exist, excluding from downloads!
L 12/17/2021 - 23:47:09: [sf2.smx] Sound file sound/slender/cof/sawtheme.wav does not exist, excluding from downloads!
L 12/17/2021 - 23:47:09: [sf2.smx] Sound file sound/slender/cof/sawloop.wav does not exist, excluding from downloads!
L 12/17/2021 - 23:47:09: [sf2.smx] Sound file sound/slender/cof/sawmiss.mp3 does not exist, excluding from downloads!
L 12/17/2021 - 23:47:09: [sf2.smx] Sound file sound/slender/cof/sawalert1.mp3 does not exist, excluding from downloads!
L 12/17/2021 - 23:47:09: [sf2.smx] Sound file sound/slender/cof/sawalert2.mp3 does not exist, excluding from downloads!
L 12/17/2021 - 23:47:09: [sf2.smx] Sound file sound/slender/cof/sawalert3.mp3 does not exist, excluding from downloads!
L 12/17/2021 - 23:47:09: [sf2.smx] Sound file sound/slender/cof/sawhit.mp3 does not exist, excluding from downloads!
L 12/17/2021 - 23:47:09: [sf2.smx] Sound file sound/slender/cof/sawmiss.mp3 does not exist, excluding from downloads!
L 12/17/2021 - 23:47:09: [sf2.smx] sawrunner...
L 12/17/2021 - 23:47:09: [sf2.smx] simon...
L 12/17/2021 - 23:47:09: [sf2.smx] scp-173...
L 12/17/2021 - 23:47:09: [sf2.smx] cb_mtf...
L 12/17/2021 - 23:47:09: [sf2.smx] cb_scp049...
L 12/17/2021 - 23:47:09: [sf2.smx] suitor...
L 12/17/2021 - 23:47:09: [sf2.smx] guardian...
L 12/17/2021 - 23:47:09: [sf2.smx] grunt...
L 12/17/2021 - 23:47:09: [sf2.smx] cartoon_cat...
L 12/17/2021 - 23:47:09: [sf2.smx] brute...
L 12/17/2021 - 23:47:09: [sf2.smx] armless...
L 12/17/2021 - 23:47:09: [sf2.smx] chriswalker...
L 12/17/2021 - 23:47:09: [sf2.smx] drtrager...
L 12/17/2021 - 23:47:09: [sf2.smx] patriarch...
L 12/17/2021 - 23:47:09: [sf2.smx] fnaf1_freddy...
L 12/17/2021 - 23:47:09: [sf2.smx] fnaf1_goldenfreddy...
L 12/17/2021 - 23:47:09: [sf2.smx] fnaf1_foxy...
L 12/17/2021 - 23:47:09: [sf2.smx] fnaf1_bonnie...
L 12/17/2021 - 23:47:09: [sf2.smx] fnaf1_chica...
L 12/17/2021 - 23:47:09: [sf2.smx] zombiesci...
L 12/17/2021 - 23:47:09: [sf2.smx] zombieguard...
L 12/17/2021 - 23:47:09: [sf2.smx] handsome_jack...
L 12/17/2021 - 23:47:09: [sf2.smx] meem...
L 12/17/2021 - 23:47:09: [sf2.smx] Sound file sound/vo/halloween_boo1.wav does not exist, excluding from downloads!
L 12/17/2021 - 23:47:09: [sf2.smx] Sound file sound/vo/halloween_boo2.wav does not exist, excluding from downloads!
L 12/17/2021 - 23:47:09: [sf2.smx] Sound file sound/vo/halloween_boo3.wav does not exist, excluding from downloads!
L 12/17/2021 - 23:47:09: [sf2.smx] Sound file sound/vo/halloween_boo4.wav does not exist, excluding from downloads!
L 12/17/2021 - 23:47:09: [sf2.smx] Sound file sound/vo/halloween_boo5.wav does not exist, excluding from downloads!
L 12/17/2021 - 23:47:09: [sf2.smx] Sound file sound/vo/halloween_boo6.wav does not exist, excluding from downloads!
L 12/17/2021 - 23:47:09: [sf2.smx] Sound file sound/vo/halloween_boo7.wav does not exist, excluding from downloads!
L 12/17/2021 - 23:47:09: [sf2.smx] Sound file sound/vo/halloween_moan1.wav does not exist, excluding from downloads!
L 12/17/2021 - 23:47:09: [sf2.smx] Sound file sound/vo/halloween_moan2.wav does not exist, excluding from downloads!
L 12/17/2021 - 23:47:09: [sf2.smx] Sound file sound/vo/halloween_moan3.wav does not exist, excluding from downloads!
L 12/17/2021 - 23:47:09: [sf2.smx] Sound file sound/vo/halloween_moan4.wav does not exist, excluding from downloads!
L 12/17/2021 - 23:47:09: [sf2.smx] Sound file sound/vo/halloween_haunted1.wav does not exist, excluding from downloads!
L 12/17/2021 - 23:47:09: [sf2.smx] Sound file sound/vo/halloween_haunted2.wav does not exist, excluding from downloads!
L 12/17/2021 - 23:47:09: [sf2.smx] Sound file sound/vo/halloween_haunted3.wav does not exist, excluding from downloads!
L 12/17/2021 - 23:47:09: [sf2.smx] Sound file sound/vo/halloween_haunted4.wav does not exist, excluding from downloads!
L 12/17/2021 - 23:47:09: [sf2.smx] Sound file sound/vo/halloween_haunted5.wav does not exist, excluding from downloads!
L 12/17/2021 - 23:47:09: [sf2.smx] Sound file sound/vo/halloween_moan1.wav does not exist, excluding from downloads!
L 12/17/2021 - 23:47:09: [sf2.smx] Sound file sound/vo/halloween_moan2.wav does not exist, excluding from downloads!
L 12/17/2021 - 23:47:09: [sf2.smx] Sound file sound/vo/halloween_moan3.wav does not exist, excluding from downloads!
L 12/17/2021 - 23:47:09: [sf2.smx] Sound file sound/vo/halloween_moan4.wav does not exist, excluding from downloads!
L 12/17/2021 - 23:47:09: [sf2.smx] tf2ghost...
L 12/17/2021 - 23:47:09: [sf2.smx] Sound file sound/vo/halloween_mann_brothers/sf13_blutarch_enemies10.wav does not exist, excluding from downloads!
L 12/17/2021 - 23:47:09: [sf2.smx] Sound file sound/vo/halloween_mann_brothers/sf13_blutarch_enemies12.wav does not exist, excluding from downloads!
L 12/17/2021 - 23:47:09: [sf2.smx] Sound file sound/vo/halloween_mann_brothers/sf13_blutarch_enemies13.wav does not exist, excluding from downloads!
L 12/17/2021 - 23:47:09: [sf2.smx] Sound file sound/vo/halloween_mann_brothers/sf13_blutarch_enemies15.wav does not exist, excluding from downloads!
L 12/17/2021 - 23:47:09: [sf2.smx] Sound file sound/vo/halloween_mann_brothers/sf13_redmond_enemies05.wav does not exist, excluding from downloads!
L 12/17/2021 - 23:47:09: [sf2.smx] Sound file sound/vo/halloween_mann_brothers/sf13_redmond_enemies06.wav does not exist, excluding from downloads!
L 12/17/2021 - 23:47:09: [sf2.smx] Sound file sound/vo/halloween_mann_brothers/sf13_redmond_enemies07.wav does not exist, excluding from downloads!
L 12/17/2021 - 23:47:09: [sf2.smx] skeleton...
L 12/17/2021 - 23:47:09: [sf2.smx] Model file models/diviously/osjinx/memphis/memphisv2.phy does not exist, please fix this download or remove it from the array.
L 12/17/2021 - 23:47:09: [sf2.smx] memphis_tennessee...
L 12/17/2021 - 23:47:09: [sf2.smx] Loaded 30 boss profile(s) from file!
L 12/17/2021 - 23:47:09: [sf2.smx] Loading boss profile files from directory configs/sf2/profiles...
L 12/17/2021 - 23:47:09: [sf2.smx] addons\sourcemod\configs\sf2\profiles does not exist, skipping.
L 12/17/2021 - 23:47:09: [sf2.smx] Reloaded restricted weapons configuration file successfully
