L 12/20/2021 - 19:27:26: [sf2.smx] -------- Mapchange to slender_backrooms_r1a -------
L 12/20/2021 - 19:27:26: [sf2.smx] Loading boss profiles from file addons\sourcemod\configs\sf2\profiles.cfg...
L 12/20/2021 - 19:27:26: [sf2.smx] slenderman...
L 12/20/2021 - 19:27:26: [sf2.smx] rake...
L 12/20/2021 - 19:27:27: [sf2.smx] weepingangel...
L 12/20/2021 - 19:27:27: [sf2.smx] hypersnatcher_nerfed...
L 12/20/2021 - 19:27:27: [sf2.smx] Sound file sound/slender/cof/sawhello.wav does not exist, excluding from downloads!
L 12/20/2021 - 19:27:27: [sf2.smx] Sound file sound/slender/cof/sawtheme.wav does not exist, excluding from downloads!
L 12/20/2021 - 19:27:27: [sf2.smx] Sound file sound/slender/cof/sawloop.wav does not exist, excluding from downloads!
L 12/20/2021 - 19:27:27: [sf2.smx] Sound file sound/slender/cof/sawmiss.mp3 does not exist, excluding from downloads!
L 12/20/2021 - 19:27:27: [sf2.smx] Sound file sound/slender/cof/sawalert1.mp3 does not exist, excluding from downloads!
L 12/20/2021 - 19:27:27: [sf2.smx] Sound file sound/slender/cof/sawalert2.mp3 does not exist, excluding from downloads!
L 12/20/2021 - 19:27:27: [sf2.smx] Sound file sound/slender/cof/sawalert3.mp3 does not exist, excluding from downloads!
L 12/20/2021 - 19:27:27: [sf2.smx] Sound file sound/slender/cof/sawhit.mp3 does not exist, excluding from downloads!
L 12/20/2021 - 19:27:27: [sf2.smx] Sound file sound/slender/cof/sawmiss.mp3 does not exist, excluding from downloads!
L 12/20/2021 - 19:27:27: [sf2.smx] sawrunner...
L 12/20/2021 - 19:27:27: [sf2.smx] simon...
L 12/20/2021 - 19:27:27: [sf2.smx] scp-173...
L 12/20/2021 - 19:27:27: [sf2.smx] cb_mtf...
L 12/20/2021 - 19:27:27: [sf2.smx] cb_scp049...
L 12/20/2021 - 19:27:27: [sf2.smx] suitor...
L 12/20/2021 - 19:27:27: [sf2.smx] guardian...
L 12/20/2021 - 19:27:27: [sf2.smx] grunt...
L 12/20/2021 - 19:27:28: [sf2.smx] cartoon_cat...
L 12/20/2021 - 19:27:28: [sf2.smx] brute...
L 12/20/2021 - 19:27:28: [sf2.smx] armless...
L 12/20/2021 - 19:27:28: [sf2.smx] chriswalker...
L 12/20/2021 - 19:27:28: [sf2.smx] drtrager...
L 12/20/2021 - 19:27:28: [sf2.smx] patriarch...
L 12/20/2021 - 19:27:28: [sf2.smx] fnaf1_freddy...
L 12/20/2021 - 19:27:28: [sf2.smx] fnaf1_goldenfreddy...
L 12/20/2021 - 19:27:29: [sf2.smx] fnaf1_foxy...
L 12/20/2021 - 19:27:29: [sf2.smx] fnaf1_bonnie...
L 12/20/2021 - 19:27:29: [sf2.smx] fnaf1_chica...
L 12/20/2021 - 19:27:29: [sf2.smx] zombiesci...
L 12/20/2021 - 19:27:29: [sf2.smx] zombieguard...
L 12/20/2021 - 19:27:30: [sf2.smx] handsome_jack...
L 12/20/2021 - 19:27:30: [sf2.smx] meem...
L 12/20/2021 - 19:27:30: [sf2.smx] Sound file sound/vo/halloween_boo1.wav does not exist, excluding from downloads!
L 12/20/2021 - 19:27:30: [sf2.smx] Sound file sound/vo/halloween_boo2.wav does not exist, excluding from downloads!
L 12/20/2021 - 19:27:30: [sf2.smx] Sound file sound/vo/halloween_boo3.wav does not exist, excluding from downloads!
L 12/20/2021 - 19:27:30: [sf2.smx] Sound file sound/vo/halloween_boo4.wav does not exist, excluding from downloads!
L 12/20/2021 - 19:27:30: [sf2.smx] Sound file sound/vo/halloween_boo5.wav does not exist, excluding from downloads!
L 12/20/2021 - 19:27:30: [sf2.smx] Sound file sound/vo/halloween_boo6.wav does not exist, excluding from downloads!
L 12/20/2021 - 19:27:30: [sf2.smx] Sound file sound/vo/halloween_boo7.wav does not exist, excluding from downloads!
L 12/20/2021 - 19:27:30: [sf2.smx] Sound file sound/vo/halloween_moan1.wav does not exist, excluding from downloads!
L 12/20/2021 - 19:27:30: [sf2.smx] Sound file sound/vo/halloween_moan2.wav does not exist, excluding from downloads!
L 12/20/2021 - 19:27:30: [sf2.smx] Sound file sound/vo/halloween_moan3.wav does not exist, excluding from downloads!
L 12/20/2021 - 19:27:30: [sf2.smx] Sound file sound/vo/halloween_moan4.wav does not exist, excluding from downloads!
L 12/20/2021 - 19:27:30: [sf2.smx] Sound file sound/vo/halloween_haunted1.wav does not exist, excluding from downloads!
L 12/20/2021 - 19:27:30: [sf2.smx] Sound file sound/vo/halloween_haunted2.wav does not exist, excluding from downloads!
L 12/20/2021 - 19:27:30: [sf2.smx] Sound file sound/vo/halloween_haunted3.wav does not exist, excluding from downloads!
L 12/20/2021 - 19:27:30: [sf2.smx] Sound file sound/vo/halloween_haunted4.wav does not exist, excluding from downloads!
L 12/20/2021 - 19:27:30: [sf2.smx] Sound file sound/vo/halloween_haunted5.wav does not exist, excluding from downloads!
L 12/20/2021 - 19:27:30: [sf2.smx] Sound file sound/vo/halloween_moan1.wav does not exist, excluding from downloads!
L 12/20/2021 - 19:27:30: [sf2.smx] Sound file sound/vo/halloween_moan2.wav does not exist, excluding from downloads!
L 12/20/2021 - 19:27:30: [sf2.smx] Sound file sound/vo/halloween_moan3.wav does not exist, excluding from downloads!
L 12/20/2021 - 19:27:30: [sf2.smx] Sound file sound/vo/halloween_moan4.wav does not exist, excluding from downloads!
L 12/20/2021 - 19:27:30: [sf2.smx] tf2ghost...
L 12/20/2021 - 19:27:30: [sf2.smx] Sound file sound/vo/halloween_mann_brothers/sf13_blutarch_enemies10.wav does not exist, excluding from downloads!
L 12/20/2021 - 19:27:30: [sf2.smx] Sound file sound/vo/halloween_mann_brothers/sf13_blutarch_enemies12.wav does not exist, excluding from downloads!
L 12/20/2021 - 19:27:30: [sf2.smx] Sound file sound/vo/halloween_mann_brothers/sf13_blutarch_enemies13.wav does not exist, excluding from downloads!
L 12/20/2021 - 19:27:30: [sf2.smx] Sound file sound/vo/halloween_mann_brothers/sf13_blutarch_enemies15.wav does not exist, excluding from downloads!
L 12/20/2021 - 19:27:30: [sf2.smx] Sound file sound/vo/halloween_mann_brothers/sf13_redmond_enemies05.wav does not exist, excluding from downloads!
L 12/20/2021 - 19:27:30: [sf2.smx] Sound file sound/vo/halloween_mann_brothers/sf13_redmond_enemies06.wav does not exist, excluding from downloads!
L 12/20/2021 - 19:27:30: [sf2.smx] Sound file sound/vo/halloween_mann_brothers/sf13_redmond_enemies07.wav does not exist, excluding from downloads!
L 12/20/2021 - 19:27:30: [sf2.smx] skeleton...
L 12/20/2021 - 19:27:30: [sf2.smx] Model file models/diviously/osjinx/memphis/memphisv2.phy does not exist, please fix this download or remove it from the array.
L 12/20/2021 - 19:27:30: [sf2.smx] memphis_tennessee...
L 12/20/2021 - 19:27:30: [sf2.smx] Loaded 30 boss profile(s) from file!
L 12/20/2021 - 19:27:30: [sf2.smx] Loading boss profile files from directory configs/sf2/profiles...
L 12/20/2021 - 19:27:30: [sf2.smx] addons\sourcemod\configs\sf2\profiles does not exist, skipping.
L 12/20/2021 - 19:27:30: [sf2.smx] Reloaded restricted weapons configuration file successfully
L 12/20/2021 - 19:32:58: [sf2.smx] Found sf2_survival_time_limit_ entity, set survival time limit to 5
L 12/20/2021 - 19:32:58: [sf2.smx] Found sf2_time_gain_from_page entity, set time gain to 180
L 12/20/2021 - 19:32:58: [sf2.smx] Found sf2_time_limit entity, set time limit to 240
L 12/20/2021 - 19:32:58: [sf2.smx] Found sf2_escape_time_limit entity, set escape time limit to 240
L 12/20/2021 - 19:32:58: [sf2.smx] Found sf2_maxplayers entity, set maxplayers to 8
L 12/20/2021 - 19:32:58: [sf2.smx] ROUND SETTINGS:
 - Time limit: 240
 - Time gain from page: 180
 - Page collect sound: slender/slenderpagegrab.wav
 - Escape?: 1
 - Escape time limit: 240
 - Stop page music on escape: 0
 - Survive before escape?: 1
 - Survive until time: 5
 - Infinite flashlight: 0
 - Infinite sprint: 0
 - Infinite blink: 0
 - Bosses chase endlessly: 0
 - Intro music: slender/intro.mp3
 - Intro fade hold time: 9.000000
 - Intro fade time: 1.000000
L 12/20/2021 - 19:32:58: [sf2.smx] Loaded page music ranges successfully!
L 12/20/2021 - 19:33:13: [sf2.smx] Boss profile slenderman has been added to the game.
L 12/20/2021 - 19:38:00: [sf2.smx] Found sf2_survival_time_limit_ entity, set survival time limit to 5
L 12/20/2021 - 19:38:00: [sf2.smx] Found sf2_time_gain_from_page entity, set time gain to 180
L 12/20/2021 - 19:38:00: [sf2.smx] Found sf2_time_limit entity, set time limit to 240
L 12/20/2021 - 19:38:00: [sf2.smx] Found sf2_escape_time_limit entity, set escape time limit to 240
L 12/20/2021 - 19:38:00: [sf2.smx] ROUND SETTINGS:
 - Time limit: 240
 - Time gain from page: 180
 - Page collect sound: slender/slenderpagegrab.wav
 - Escape?: 1
 - Escape time limit: 240
 - Stop page music on escape: 0
 - Survive before escape?: 1
 - Survive until time: 5
 - Infinite flashlight: 0
 - Infinite sprint: 0
 - Infinite blink: 0
 - Bosses chase endlessly: 0
 - Intro music: slender/intro.mp3
 - Intro fade hold time: 9.000000
 - Intro fade time: 1.000000
L 12/20/2021 - 19:38:00: [sf2.smx] Loaded page music ranges successfully!
L 12/20/2021 - 19:38:15: [sf2.smx] Boss profile slenderman has been added to the game.
L 12/20/2021 - 19:43:03: [sf2.smx] Found sf2_survival_time_limit_ entity, set survival time limit to 5
L 12/20/2021 - 19:43:03: [sf2.smx] Found sf2_time_gain_from_page entity, set time gain to 180
L 12/20/2021 - 19:43:03: [sf2.smx] Found sf2_time_limit entity, set time limit to 240
L 12/20/2021 - 19:43:03: [sf2.smx] Found sf2_escape_time_limit entity, set escape time limit to 240
L 12/20/2021 - 19:43:03: [sf2.smx] ROUND SETTINGS:
 - Time limit: 240
 - Time gain from page: 180
 - Page collect sound: slender/slenderpagegrab.wav
 - Escape?: 1
 - Escape time limit: 240
 - Stop page music on escape: 0
 - Survive before escape?: 1
 - Survive until time: 5
 - Infinite flashlight: 0
 - Infinite sprint: 0
 - Infinite blink: 0
 - Bosses chase endlessly: 0
 - Intro music: slender/intro.mp3
 - Intro fade hold time: 9.000000
 - Intro fade time: 1.000000
L 12/20/2021 - 19:43:03: [sf2.smx] Loaded page music ranges successfully!
L 12/20/2021 - 19:43:18: [sf2.smx] Boss profile tf2ghost has been added to the game.
L 12/20/2021 - 19:48:05: [sf2.smx] Found sf2_survival_time_limit_ entity, set survival time limit to 5
L 12/20/2021 - 19:48:05: [sf2.smx] Found sf2_time_gain_from_page entity, set time gain to 180
L 12/20/2021 - 19:48:05: [sf2.smx] Found sf2_time_limit entity, set time limit to 240
L 12/20/2021 - 19:48:05: [sf2.smx] Found sf2_escape_time_limit entity, set escape time limit to 240
L 12/20/2021 - 19:48:05: [sf2.smx] ROUND SETTINGS:
 - Time limit: 240
 - Time gain from page: 180
 - Page collect sound: slender/slenderpagegrab.wav
 - Escape?: 1
 - Escape time limit: 240
 - Stop page music on escape: 0
 - Survive before escape?: 1
 - Survive until time: 5
 - Infinite flashlight: 0
 - Infinite sprint: 0
 - Infinite blink: 0
 - Bosses chase endlessly: 0
 - Intro music: slender/intro.mp3
 - Intro fade hold time: 9.000000
 - Intro fade time: 1.000000
L 12/20/2021 - 19:48:05: [sf2.smx] Loaded page music ranges successfully!
L 12/20/2021 - 19:48:20: [sf2.smx] Boss profile slenderman has been added to the game.
L 12/20/2021 - 19:53:08: [sf2.smx] Found sf2_survival_time_limit_ entity, set survival time limit to 5
L 12/20/2021 - 19:53:08: [sf2.smx] Found sf2_time_gain_from_page entity, set time gain to 180
L 12/20/2021 - 19:53:08: [sf2.smx] Found sf2_time_limit entity, set time limit to 240
L 12/20/2021 - 19:53:08: [sf2.smx] Found sf2_escape_time_limit entity, set escape time limit to 240
L 12/20/2021 - 19:53:08: [sf2.smx] ROUND SETTINGS:
 - Time limit: 240
 - Time gain from page: 180
 - Page collect sound: slender/slenderpagegrab.wav
 - Escape?: 1
 - Escape time limit: 240
 - Stop page music on escape: 0
 - Survive before escape?: 1
 - Survive until time: 5
 - Infinite flashlight: 0
 - Infinite sprint: 0
 - Infinite blink: 0
 - Bosses chase endlessly: 0
 - Intro music: slender/intro.mp3
 - Intro fade hold time: 9.000000
 - Intro fade time: 1.000000
L 12/20/2021 - 19:53:08: [sf2.smx] Loaded page music ranges successfully!
L 12/20/2021 - 19:53:19: [sf2.smx] Boss profile chriswalker has been added to the game.
L 12/20/2021 - 19:53:23: [sf2.smx] Boss profile slenderman has been added to the game.
L 12/20/2021 - 19:58:10: [sf2.smx] Found sf2_survival_time_limit_ entity, set survival time limit to 5
L 12/20/2021 - 19:58:10: [sf2.smx] Found sf2_time_gain_from_page entity, set time gain to 180
L 12/20/2021 - 19:58:10: [sf2.smx] Found sf2_time_limit entity, set time limit to 240
L 12/20/2021 - 19:58:10: [sf2.smx] Found sf2_escape_time_limit entity, set escape time limit to 240
L 12/20/2021 - 19:58:10: [sf2.smx] ROUND SETTINGS:
 - Time limit: 240
 - Time gain from page: 180
 - Page collect sound: slender/slenderpagegrab.wav
 - Escape?: 1
 - Escape time limit: 240
 - Stop page music on escape: 0
 - Survive before escape?: 1
 - Survive until time: 5
 - Infinite flashlight: 0
 - Infinite sprint: 0
 - Infinite blink: 0
 - Bosses chase endlessly: 0
 - Intro music: slender/intro.mp3
 - Intro fade hold time: 9.000000
 - Intro fade time: 1.000000
L 12/20/2021 - 19:58:10: [sf2.smx] Loaded page music ranges successfully!
L 12/20/2021 - 19:58:25: [sf2.smx] Boss profile sawrunner has been added to the game.
L 12/20/2021 - 20:03:13: [sf2.smx] Found sf2_survival_time_limit_ entity, set survival time limit to 5
L 12/20/2021 - 20:03:13: [sf2.smx] Found sf2_time_gain_from_page entity, set time gain to 180
L 12/20/2021 - 20:03:13: [sf2.smx] Found sf2_time_limit entity, set time limit to 240
L 12/20/2021 - 20:03:13: [sf2.smx] Found sf2_escape_time_limit entity, set escape time limit to 240
L 12/20/2021 - 20:03:13: [sf2.smx] ROUND SETTINGS:
 - Time limit: 240
 - Time gain from page: 180
 - Page collect sound: slender/slenderpagegrab.wav
 - Escape?: 1
 - Escape time limit: 240
 - Stop page music on escape: 0
 - Survive before escape?: 1
 - Survive until time: 5
 - Infinite flashlight: 0
 - Infinite sprint: 0
 - Infinite blink: 0
 - Bosses chase endlessly: 0
 - Intro music: slender/intro.mp3
 - Intro fade hold time: 9.000000
 - Intro fade time: 1.000000
L 12/20/2021 - 20:03:13: [sf2.smx] Loaded page music ranges successfully!
L 12/20/2021 - 20:03:28: [sf2.smx] Boss profile slenderman has been added to the game.
L 12/20/2021 - 20:08:15: [sf2.smx] Found sf2_survival_time_limit_ entity, set survival time limit to 5
L 12/20/2021 - 20:08:15: [sf2.smx] Found sf2_time_gain_from_page entity, set time gain to 180
L 12/20/2021 - 20:08:15: [sf2.smx] Found sf2_time_limit entity, set time limit to 240
L 12/20/2021 - 20:08:15: [sf2.smx] Found sf2_escape_time_limit entity, set escape time limit to 240
L 12/20/2021 - 20:08:15: [sf2.smx] ROUND SETTINGS:
 - Time limit: 240
 - Time gain from page: 180
 - Page collect sound: slender/slenderpagegrab.wav
 - Escape?: 1
 - Escape time limit: 240
 - Stop page music on escape: 0
 - Survive before escape?: 1
 - Survive until time: 5
 - Infinite flashlight: 0
 - Infinite sprint: 0
 - Infinite blink: 0
 - Bosses chase endlessly: 0
 - Intro music: slender/intro.mp3
 - Intro fade hold time: 9.000000
 - Intro fade time: 1.000000
L 12/20/2021 - 20:08:15: [sf2.smx] Loaded page music ranges successfully!
L 12/20/2021 - 20:08:30: [sf2.smx] Boss profile slenderman has been added to the game.
L 12/20/2021 - 20:13:18: [sf2.smx] Found sf2_survival_time_limit_ entity, set survival time limit to 5
L 12/20/2021 - 20:13:18: [sf2.smx] Found sf2_time_gain_from_page entity, set time gain to 180
L 12/20/2021 - 20:13:18: [sf2.smx] Found sf2_time_limit entity, set time limit to 240
L 12/20/2021 - 20:13:18: [sf2.smx] Found sf2_escape_time_limit entity, set escape time limit to 240
L 12/20/2021 - 20:13:18: [sf2.smx] ROUND SETTINGS:
 - Time limit: 240
 - Time gain from page: 180
 - Page collect sound: slender/slenderpagegrab.wav
 - Escape?: 1
 - Escape time limit: 240
 - Stop page music on escape: 0
 - Survive before escape?: 1
 - Survive until time: 5
 - Infinite flashlight: 0
 - Infinite sprint: 0
 - Infinite blink: 0
 - Bosses chase endlessly: 0
 - Intro music: slender/intro.mp3
 - Intro fade hold time: 9.000000
 - Intro fade time: 1.000000
L 12/20/2021 - 20:13:18: [sf2.smx] Loaded page music ranges successfully!
L 12/20/2021 - 20:13:33: [sf2.smx] Boss profile meem has been added to the game.
L 12/20/2021 - 20:18:20: [sf2.smx] Found sf2_survival_time_limit_ entity, set survival time limit to 5
L 12/20/2021 - 20:18:20: [sf2.smx] Found sf2_time_gain_from_page entity, set time gain to 180
L 12/20/2021 - 20:18:20: [sf2.smx] Found sf2_time_limit entity, set time limit to 240
L 12/20/2021 - 20:18:20: [sf2.smx] Found sf2_escape_time_limit entity, set escape time limit to 240
L 12/20/2021 - 20:18:20: [sf2.smx] ROUND SETTINGS:
 - Time limit: 240
 - Time gain from page: 180
 - Page collect sound: slender/slenderpagegrab.wav
 - Escape?: 1
 - Escape time limit: 240
 - Stop page music on escape: 0
 - Survive before escape?: 1
 - Survive until time: 5
 - Infinite flashlight: 0
 - Infinite sprint: 0
 - Infinite blink: 0
 - Bosses chase endlessly: 0
 - Intro music: slender/intro.mp3
 - Intro fade hold time: 9.000000
 - Intro fade time: 1.000000
L 12/20/2021 - 20:18:20: [sf2.smx] Loaded page music ranges successfully!
L 12/20/2021 - 20:18:35: [sf2.smx] Boss profile slenderman has been added to the game.
L 12/20/2021 - 20:23:22: [sf2.smx] Found sf2_survival_time_limit_ entity, set survival time limit to 5
L 12/20/2021 - 20:23:22: [sf2.smx] Found sf2_time_gain_from_page entity, set time gain to 180
L 12/20/2021 - 20:23:22: [sf2.smx] Found sf2_time_limit entity, set time limit to 240
L 12/20/2021 - 20:23:22: [sf2.smx] Found sf2_escape_time_limit entity, set escape time limit to 240
L 12/20/2021 - 20:23:22: [sf2.smx] ROUND SETTINGS:
 - Time limit: 240
 - Time gain from page: 180
 - Page collect sound: slender/slenderpagegrab.wav
 - Escape?: 1
 - Escape time limit: 240
 - Stop page music on escape: 0
 - Survive before escape?: 1
 - Survive until time: 5
 - Infinite flashlight: 0
 - Infinite sprint: 0
 - Infinite blink: 0
 - Bosses chase endlessly: 0
 - Intro music: slender/intro.mp3
 - Intro fade hold time: 9.000000
 - Intro fade time: 1.000000
L 12/20/2021 - 20:23:22: [sf2.smx] Loaded page music ranges successfully!
L 12/20/2021 - 20:23:37: [sf2.smx] Boss profile slenderman has been added to the game.
L 12/20/2021 - 20:28:25: [sf2.smx] Found sf2_survival_time_limit_ entity, set survival time limit to 5
L 12/20/2021 - 20:28:25: [sf2.smx] Found sf2_time_gain_from_page entity, set time gain to 180
L 12/20/2021 - 20:28:25: [sf2.smx] Found sf2_time_limit entity, set time limit to 240
L 12/20/2021 - 20:28:25: [sf2.smx] Found sf2_escape_time_limit entity, set escape time limit to 240
L 12/20/2021 - 20:28:25: [sf2.smx] ROUND SETTINGS:
 - Time limit: 240
 - Time gain from page: 180
 - Page collect sound: slender/slenderpagegrab.wav
 - Escape?: 1
 - Escape time limit: 240
 - Stop page music on escape: 0
 - Survive before escape?: 1
 - Survive until time: 5
 - Infinite flashlight: 0
 - Infinite sprint: 0
 - Infinite blink: 0
 - Bosses chase endlessly: 0
 - Intro music: slender/intro.mp3
 - Intro fade hold time: 9.000000
 - Intro fade time: 1.000000
L 12/20/2021 - 20:28:25: [sf2.smx] Loaded page music ranges successfully!
L 12/20/2021 - 20:28:40: [sf2.smx] Boss profile cartoon_cat has been added to the game.
L 12/20/2021 - 20:33:27: [sf2.smx] Found sf2_survival_time_limit_ entity, set survival time limit to 5
L 12/20/2021 - 20:33:27: [sf2.smx] Found sf2_time_gain_from_page entity, set time gain to 180
L 12/20/2021 - 20:33:27: [sf2.smx] Found sf2_time_limit entity, set time limit to 240
L 12/20/2021 - 20:33:27: [sf2.smx] Found sf2_escape_time_limit entity, set escape time limit to 240
L 12/20/2021 - 20:33:27: [sf2.smx] ROUND SETTINGS:
 - Time limit: 240
 - Time gain from page: 180
 - Page collect sound: slender/slenderpagegrab.wav
 - Escape?: 1
 - Escape time limit: 240
 - Stop page music on escape: 0
 - Survive before escape?: 1
 - Survive until time: 5
 - Infinite flashlight: 0
 - Infinite sprint: 0
 - Infinite blink: 0
 - Bosses chase endlessly: 0
 - Intro music: slender/intro.mp3
 - Intro fade hold time: 9.000000
 - Intro fade time: 1.000000
L 12/20/2021 - 20:33:27: [sf2.smx] Loaded page music ranges successfully!
L 12/20/2021 - 20:33:42: [sf2.smx] Boss profile slenderman has been added to the game.
L 12/20/2021 - 20:38:29: [sf2.smx] Found sf2_survival_time_limit_ entity, set survival time limit to 5
L 12/20/2021 - 20:38:29: [sf2.smx] Found sf2_time_gain_from_page entity, set time gain to 180
L 12/20/2021 - 20:38:29: [sf2.smx] Found sf2_time_limit entity, set time limit to 240
L 12/20/2021 - 20:38:29: [sf2.smx] Found sf2_escape_time_limit entity, set escape time limit to 240
L 12/20/2021 - 20:38:29: [sf2.smx] ROUND SETTINGS:
 - Time limit: 240
 - Time gain from page: 180
 - Page collect sound: slender/slenderpagegrab.wav
 - Escape?: 1
 - Escape time limit: 240
 - Stop page music on escape: 0
 - Survive before escape?: 1
 - Survive until time: 5
 - Infinite flashlight: 0
 - Infinite sprint: 0
 - Infinite blink: 0
 - Bosses chase endlessly: 0
 - Intro music: slender/intro.mp3
 - Intro fade hold time: 9.000000
 - Intro fade time: 1.000000
L 12/20/2021 - 20:38:29: [sf2.smx] Loaded page music ranges successfully!
L 12/20/2021 - 20:38:45: [sf2.smx] Boss profile slenderman has been added to the game.
L 12/20/2021 - 20:43:32: [sf2.smx] Found sf2_survival_time_limit_ entity, set survival time limit to 5
L 12/20/2021 - 20:43:32: [sf2.smx] Found sf2_time_gain_from_page entity, set time gain to 180
L 12/20/2021 - 20:43:32: [sf2.smx] Found sf2_time_limit entity, set time limit to 240
L 12/20/2021 - 20:43:32: [sf2.smx] Found sf2_escape_time_limit entity, set escape time limit to 240
L 12/20/2021 - 20:43:32: [sf2.smx] ROUND SETTINGS:
 - Time limit: 240
 - Time gain from page: 180
 - Page collect sound: slender/slenderpagegrab.wav
 - Escape?: 1
 - Escape time limit: 240
 - Stop page music on escape: 0
 - Survive before escape?: 1
 - Survive until time: 5
 - Infinite flashlight: 0
 - Infinite sprint: 0
 - Infinite blink: 0
 - Bosses chase endlessly: 0
 - Intro music: slender/intro.mp3
 - Intro fade hold time: 9.000000
 - Intro fade time: 1.000000
L 12/20/2021 - 20:43:32: [sf2.smx] Loaded page music ranges successfully!
L 12/20/2021 - 20:43:47: [sf2.smx] Boss profile zombieguard has been added to the game.
L 12/20/2021 - 20:43:47: [sf2.smx] Boss profile zombiesci has been added to the game.
L 12/20/2021 - 20:48:34: [sf2.smx] Found sf2_survival_time_limit_ entity, set survival time limit to 5
L 12/20/2021 - 20:48:34: [sf2.smx] Found sf2_time_gain_from_page entity, set time gain to 180
L 12/20/2021 - 20:48:34: [sf2.smx] Found sf2_time_limit entity, set time limit to 240
L 12/20/2021 - 20:48:34: [sf2.smx] Found sf2_escape_time_limit entity, set escape time limit to 240
L 12/20/2021 - 20:48:34: [sf2.smx] ROUND SETTINGS:
 - Time limit: 240
 - Time gain from page: 180
 - Page collect sound: slender/slenderpagegrab.wav
 - Escape?: 1
 - Escape time limit: 240
 - Stop page music on escape: 0
 - Survive before escape?: 1
 - Survive until time: 5
 - Infinite flashlight: 0
 - Infinite sprint: 0
 - Infinite blink: 0
 - Bosses chase endlessly: 0
 - Intro music: slender/intro.mp3
 - Intro fade hold time: 9.000000
 - Intro fade time: 1.000000
L 12/20/2021 - 20:48:34: [sf2.smx] Loaded page music ranges successfully!
L 12/20/2021 - 20:48:49: [sf2.smx] Boss profile slenderman has been added to the game.
L 12/20/2021 - 20:53:37: [sf2.smx] Found sf2_survival_time_limit_ entity, set survival time limit to 5
L 12/20/2021 - 20:53:37: [sf2.smx] Found sf2_time_gain_from_page entity, set time gain to 180
L 12/20/2021 - 20:53:37: [sf2.smx] Found sf2_time_limit entity, set time limit to 240
L 12/20/2021 - 20:53:37: [sf2.smx] Found sf2_escape_time_limit entity, set escape time limit to 240
L 12/20/2021 - 20:53:37: [sf2.smx] ROUND SETTINGS:
 - Time limit: 240
 - Time gain from page: 180
 - Page collect sound: slender/slenderpagegrab.wav
 - Escape?: 1
 - Escape time limit: 240
 - Stop page music on escape: 0
 - Survive before escape?: 1
 - Survive until time: 5
 - Infinite flashlight: 0
 - Infinite sprint: 0
 - Infinite blink: 0
 - Bosses chase endlessly: 0
 - Intro music: slender/intro.mp3
 - Intro fade hold time: 9.000000
 - Intro fade time: 1.000000
L 12/20/2021 - 20:53:37: [sf2.smx] Loaded page music ranges successfully!
L 12/20/2021 - 20:53:52: [sf2.smx] Boss profile slenderman has been added to the game.
L 12/20/2021 - 20:58:39: [sf2.smx] Found sf2_survival_time_limit_ entity, set survival time limit to 5
L 12/20/2021 - 20:58:39: [sf2.smx] Found sf2_time_gain_from_page entity, set time gain to 180
L 12/20/2021 - 20:58:39: [sf2.smx] Found sf2_time_limit entity, set time limit to 240
L 12/20/2021 - 20:58:39: [sf2.smx] Found sf2_escape_time_limit entity, set escape time limit to 240
L 12/20/2021 - 20:58:39: [sf2.smx] ROUND SETTINGS:
 - Time limit: 240
 - Time gain from page: 180
 - Page collect sound: slender/slenderpagegrab.wav
 - Escape?: 1
 - Escape time limit: 240
 - Stop page music on escape: 0
 - Survive before escape?: 1
 - Survive until time: 5
 - Infinite flashlight: 0
 - Infinite sprint: 0
 - Infinite blink: 0
 - Bosses chase endlessly: 0
 - Intro music: slender/intro.mp3
 - Intro fade hold time: 9.000000
 - Intro fade time: 1.000000
L 12/20/2021 - 20:58:39: [sf2.smx] Loaded page music ranges successfully!
L 12/20/2021 - 20:58:54: [sf2.smx] Boss profile suitor has been added to the game.
L 12/20/2021 - 20:58:54: [sf2.smx] Boss profile grunt has been added to the game.
L 12/20/2021 - 21:03:41: [sf2.smx] Found sf2_survival_time_limit_ entity, set survival time limit to 5
L 12/20/2021 - 21:03:42: [sf2.smx] Found sf2_time_gain_from_page entity, set time gain to 180
L 12/20/2021 - 21:03:42: [sf2.smx] Found sf2_time_limit entity, set time limit to 240
L 12/20/2021 - 21:03:42: [sf2.smx] Found sf2_escape_time_limit entity, set escape time limit to 240
L 12/20/2021 - 21:03:42: [sf2.smx] ROUND SETTINGS:
 - Time limit: 240
 - Time gain from page: 180
 - Page collect sound: slender/slenderpagegrab.wav
 - Escape?: 1
 - Escape time limit: 240
 - Stop page music on escape: 0
 - Survive before escape?: 1
 - Survive until time: 5
 - Infinite flashlight: 0
 - Infinite sprint: 0
 - Infinite blink: 0
 - Bosses chase endlessly: 0
 - Intro music: slender/intro.mp3
 - Intro fade hold time: 9.000000
 - Intro fade time: 1.000000
L 12/20/2021 - 21:03:42: [sf2.smx] Loaded page music ranges successfully!
L 12/20/2021 - 21:03:57: [sf2.smx] Boss profile slenderman has been added to the game.
L 12/20/2021 - 21:08:44: [sf2.smx] Found sf2_survival_time_limit_ entity, set survival time limit to 5
L 12/20/2021 - 21:08:44: [sf2.smx] Found sf2_time_gain_from_page entity, set time gain to 180
L 12/20/2021 - 21:08:44: [sf2.smx] Found sf2_time_limit entity, set time limit to 240
L 12/20/2021 - 21:08:44: [sf2.smx] Found sf2_escape_time_limit entity, set escape time limit to 240
L 12/20/2021 - 21:08:44: [sf2.smx] ROUND SETTINGS:
 - Time limit: 240
 - Time gain from page: 180
 - Page collect sound: slender/slenderpagegrab.wav
 - Escape?: 1
 - Escape time limit: 240
 - Stop page music on escape: 0
 - Survive before escape?: 1
 - Survive until time: 5
 - Infinite flashlight: 0
 - Infinite sprint: 0
 - Infinite blink: 0
 - Bosses chase endlessly: 0
 - Intro music: slender/intro.mp3
 - Intro fade hold time: 9.000000
 - Intro fade time: 1.000000
L 12/20/2021 - 21:08:44: [sf2.smx] Loaded page music ranges successfully!
L 12/20/2021 - 21:08:59: [sf2.smx] Boss profile slenderman has been added to the game.
L 12/20/2021 - 21:13:46: [sf2.smx] Found sf2_survival_time_limit_ entity, set survival time limit to 5
L 12/20/2021 - 21:13:46: [sf2.smx] Found sf2_time_gain_from_page entity, set time gain to 180
L 12/20/2021 - 21:13:46: [sf2.smx] Found sf2_time_limit entity, set time limit to 240
L 12/20/2021 - 21:13:46: [sf2.smx] Found sf2_escape_time_limit entity, set escape time limit to 240
L 12/20/2021 - 21:13:46: [sf2.smx] ROUND SETTINGS:
 - Time limit: 240
 - Time gain from page: 180
 - Page collect sound: slender/slenderpagegrab.wav
 - Escape?: 1
 - Escape time limit: 240
 - Stop page music on escape: 0
 - Survive before escape?: 1
 - Survive until time: 5
 - Infinite flashlight: 0
 - Infinite sprint: 0
 - Infinite blink: 0
 - Bosses chase endlessly: 0
 - Intro music: slender/intro.mp3
 - Intro fade hold time: 9.000000
 - Intro fade time: 1.000000
L 12/20/2021 - 21:13:46: [sf2.smx] Loaded page music ranges successfully!
L 12/20/2021 - 21:14:01: [sf2.smx] Boss profile drtrager has been added to the game.
L 12/20/2021 - 21:18:49: [sf2.smx] Found sf2_survival_time_limit_ entity, set survival time limit to 5
L 12/20/2021 - 21:18:49: [sf2.smx] Found sf2_time_gain_from_page entity, set time gain to 180
L 12/20/2021 - 21:18:49: [sf2.smx] Found sf2_time_limit entity, set time limit to 240
L 12/20/2021 - 21:18:49: [sf2.smx] Found sf2_escape_time_limit entity, set escape time limit to 240
L 12/20/2021 - 21:18:49: [sf2.smx] ROUND SETTINGS:
 - Time limit: 240
 - Time gain from page: 180
 - Page collect sound: slender/slenderpagegrab.wav
 - Escape?: 1
 - Escape time limit: 240
 - Stop page music on escape: 0
 - Survive before escape?: 1
 - Survive until time: 5
 - Infinite flashlight: 0
 - Infinite sprint: 0
 - Infinite blink: 0
 - Bosses chase endlessly: 0
 - Intro music: slender/intro.mp3
 - Intro fade hold time: 9.000000
 - Intro fade time: 1.000000
L 12/20/2021 - 21:18:49: [sf2.smx] Loaded page music ranges successfully!
L 12/20/2021 - 21:19:04: [sf2.smx] Boss profile slenderman has been added to the game.
L 12/20/2021 - 21:23:51: [sf2.smx] Found sf2_survival_time_limit_ entity, set survival time limit to 5
L 12/20/2021 - 21:23:51: [sf2.smx] Found sf2_time_gain_from_page entity, set time gain to 180
L 12/20/2021 - 21:23:51: [sf2.smx] Found sf2_time_limit entity, set time limit to 240
L 12/20/2021 - 21:23:51: [sf2.smx] Found sf2_escape_time_limit entity, set escape time limit to 240
L 12/20/2021 - 21:23:51: [sf2.smx] ROUND SETTINGS:
 - Time limit: 240
 - Time gain from page: 180
 - Page collect sound: slender/slenderpagegrab.wav
 - Escape?: 1
 - Escape time limit: 240
 - Stop page music on escape: 0
 - Survive before escape?: 1
 - Survive until time: 5
 - Infinite flashlight: 0
 - Infinite sprint: 0
 - Infinite blink: 0
 - Bosses chase endlessly: 0
 - Intro music: slender/intro.mp3
 - Intro fade hold time: 9.000000
 - Intro fade time: 1.000000
L 12/20/2021 - 21:23:51: [sf2.smx] Loaded page music ranges successfully!
L 12/20/2021 - 21:24:06: [sf2.smx] Boss profile slenderman has been added to the game.
