L 08/28/2022 - 20:01:05: [sf2.smx] -------- Mapchange to slender_backrooms_r1a -------
L 08/28/2022 - 20:01:06: [sf2.smx] Loading boss profiles from file addons\sourcemod\configs\sf2\profiles.cfg...
L 08/28/2022 - 20:01:06: [sf2.smx] slenderman...
L 08/28/2022 - 20:01:06: [sf2.smx] rake...
L 08/28/2022 - 20:01:06: [sf2.smx] weepingangel...
L 08/28/2022 - 20:01:06: [sf2.smx] hypersnatcher_nerfed...
L 08/28/2022 - 20:01:06: [sf2.smx] Sound file sound/slender/cof/sawhello.wav does not exist, excluding from downloads!
L 08/28/2022 - 20:01:06: [sf2.smx] Sound file sound/slender/cof/sawtheme.wav does not exist, excluding from downloads!
L 08/28/2022 - 20:01:06: [sf2.smx] Sound file sound/slender/cof/sawloop.wav does not exist, excluding from downloads!
L 08/28/2022 - 20:01:06: [sf2.smx] Sound file sound/slender/cof/sawmiss.mp3 does not exist, excluding from downloads!
L 08/28/2022 - 20:01:06: [sf2.smx] Sound file sound/slender/cof/sawalert1.mp3 does not exist, excluding from downloads!
L 08/28/2022 - 20:01:06: [sf2.smx] Sound file sound/slender/cof/sawalert2.mp3 does not exist, excluding from downloads!
L 08/28/2022 - 20:01:06: [sf2.smx] Sound file sound/slender/cof/sawalert3.mp3 does not exist, excluding from downloads!
L 08/28/2022 - 20:01:06: [sf2.smx] Sound file sound/slender/cof/sawhit.mp3 does not exist, excluding from downloads!
L 08/28/2022 - 20:01:06: [sf2.smx] Sound file sound/slender/cof/sawmiss.mp3 does not exist, excluding from downloads!
L 08/28/2022 - 20:01:06: [sf2.smx] sawrunner...
L 08/28/2022 - 20:01:07: [sf2.smx] simon...
L 08/28/2022 - 20:01:07: [sf2.smx] scp-173...
L 08/28/2022 - 20:01:07: [sf2.smx] cb_mtf...
L 08/28/2022 - 20:01:07: [sf2.smx] cb_scp049...
L 08/28/2022 - 20:01:07: [sf2.smx] suitor...
L 08/28/2022 - 20:01:07: [sf2.smx] guardian...
L 08/28/2022 - 20:01:07: [sf2.smx] grunt...
L 08/28/2022 - 20:01:08: [sf2.smx] cartoon_cat...
L 08/28/2022 - 20:01:08: [sf2.smx] brute...
L 08/28/2022 - 20:01:08: [sf2.smx] armless...
L 08/28/2022 - 20:01:08: [sf2.smx] chriswalker...
L 08/28/2022 - 20:01:08: [sf2.smx] drtrager...
L 08/28/2022 - 20:01:09: [sf2.smx] patriarch...
L 08/28/2022 - 20:01:09: [sf2.smx] fnaf1_freddy...
L 08/28/2022 - 20:01:09: [sf2.smx] fnaf1_goldenfreddy...
L 08/28/2022 - 20:01:10: [sf2.smx] fnaf1_foxy...
L 08/28/2022 - 20:01:10: [sf2.smx] fnaf1_bonnie...
L 08/28/2022 - 20:01:11: [sf2.smx] fnaf1_chica...
L 08/28/2022 - 20:01:11: [sf2.smx] zombiesci...
L 08/28/2022 - 20:01:12: [sf2.smx] zombieguard...
L 08/28/2022 - 20:01:12: [sf2.smx] handsome_jack...
L 08/28/2022 - 20:01:12: [sf2.smx] meem...
L 08/28/2022 - 20:01:12: [sf2.smx] Sound file sound/vo/halloween_boo1.wav does not exist, excluding from downloads!
L 08/28/2022 - 20:01:12: [sf2.smx] Sound file sound/vo/halloween_boo2.wav does not exist, excluding from downloads!
L 08/28/2022 - 20:01:12: [sf2.smx] Sound file sound/vo/halloween_boo3.wav does not exist, excluding from downloads!
L 08/28/2022 - 20:01:12: [sf2.smx] Sound file sound/vo/halloween_boo4.wav does not exist, excluding from downloads!
L 08/28/2022 - 20:01:12: [sf2.smx] Sound file sound/vo/halloween_boo5.wav does not exist, excluding from downloads!
L 08/28/2022 - 20:01:12: [sf2.smx] Sound file sound/vo/halloween_boo6.wav does not exist, excluding from downloads!
L 08/28/2022 - 20:01:12: [sf2.smx] Sound file sound/vo/halloween_boo7.wav does not exist, excluding from downloads!
L 08/28/2022 - 20:01:12: [sf2.smx] Sound file sound/vo/halloween_moan1.wav does not exist, excluding from downloads!
L 08/28/2022 - 20:01:12: [sf2.smx] Sound file sound/vo/halloween_moan2.wav does not exist, excluding from downloads!
L 08/28/2022 - 20:01:12: [sf2.smx] Sound file sound/vo/halloween_moan3.wav does not exist, excluding from downloads!
L 08/28/2022 - 20:01:12: [sf2.smx] Sound file sound/vo/halloween_moan4.wav does not exist, excluding from downloads!
L 08/28/2022 - 20:01:12: [sf2.smx] Sound file sound/vo/halloween_haunted1.wav does not exist, excluding from downloads!
L 08/28/2022 - 20:01:12: [sf2.smx] Sound file sound/vo/halloween_haunted2.wav does not exist, excluding from downloads!
L 08/28/2022 - 20:01:12: [sf2.smx] Sound file sound/vo/halloween_haunted3.wav does not exist, excluding from downloads!
L 08/28/2022 - 20:01:12: [sf2.smx] Sound file sound/vo/halloween_haunted4.wav does not exist, excluding from downloads!
L 08/28/2022 - 20:01:12: [sf2.smx] Sound file sound/vo/halloween_haunted5.wav does not exist, excluding from downloads!
L 08/28/2022 - 20:01:12: [sf2.smx] Sound file sound/vo/halloween_moan1.wav does not exist, excluding from downloads!
L 08/28/2022 - 20:01:12: [sf2.smx] Sound file sound/vo/halloween_moan2.wav does not exist, excluding from downloads!
L 08/28/2022 - 20:01:12: [sf2.smx] Sound file sound/vo/halloween_moan3.wav does not exist, excluding from downloads!
L 08/28/2022 - 20:01:12: [sf2.smx] Sound file sound/vo/halloween_moan4.wav does not exist, excluding from downloads!
L 08/28/2022 - 20:01:12: [sf2.smx] tf2ghost...
L 08/28/2022 - 20:01:12: [sf2.smx] Sound file sound/vo/halloween_mann_brothers/sf13_blutarch_enemies10.wav does not exist, excluding from downloads!
L 08/28/2022 - 20:01:12: [sf2.smx] Sound file sound/vo/halloween_mann_brothers/sf13_blutarch_enemies12.wav does not exist, excluding from downloads!
L 08/28/2022 - 20:01:12: [sf2.smx] Sound file sound/vo/halloween_mann_brothers/sf13_blutarch_enemies13.wav does not exist, excluding from downloads!
L 08/28/2022 - 20:01:12: [sf2.smx] Sound file sound/vo/halloween_mann_brothers/sf13_blutarch_enemies15.wav does not exist, excluding from downloads!
L 08/28/2022 - 20:01:12: [sf2.smx] Sound file sound/vo/halloween_mann_brothers/sf13_redmond_enemies05.wav does not exist, excluding from downloads!
L 08/28/2022 - 20:01:12: [sf2.smx] Sound file sound/vo/halloween_mann_brothers/sf13_redmond_enemies06.wav does not exist, excluding from downloads!
L 08/28/2022 - 20:01:12: [sf2.smx] Sound file sound/vo/halloween_mann_brothers/sf13_redmond_enemies07.wav does not exist, excluding from downloads!
L 08/28/2022 - 20:01:12: [sf2.smx] skeleton...
L 08/28/2022 - 20:01:12: [sf2.smx] Model file models/diviously/osjinx/memphis/memphisv2.phy does not exist, please fix this download or remove it from the array.
L 08/28/2022 - 20:01:12: [sf2.smx] memphis_tennessee...
L 08/28/2022 - 20:01:12: [sf2.smx] Loaded 30 boss profile(s) from file!
L 08/28/2022 - 20:01:12: [sf2.smx] Loading boss profile files from directory configs/sf2/profiles...
L 08/28/2022 - 20:01:12: [sf2.smx] addons\sourcemod\configs\sf2\profiles does not exist, skipping.
L 08/28/2022 - 20:01:12: [sf2.smx] Reloaded restricted weapons configuration file successfully
